2025-10-30T20:57:55.230+07:00  INFO 13264 --- [auth-services] [restartedMain] c.e.a.AuthServicesApplication            : Starting AuthServicesApplication using Java 17.0.15 with PID 13264 (D:\c1024l1_jv103_spring_cloud\auth-services\build\classes\java\main started by Admin in D:\c1024l1_jv103_spring_cloud\auth-services)
2025-10-30T20:57:55.233+07:00  INFO 13264 --- [auth-services] [restartedMain] c.e.a.AuthServicesApplication            : No active profile set, falling back to 1 default profile: "default"
2025-10-30T20:57:55.294+07:00  INFO 13264 --- [auth-services] [restartedMain] o.s.c.c.c.ConfigServerConfigDataLoader   : Fetching config from server at : http://localhost:8888
2025-10-30T20:57:55.294+07:00  INFO 13264 --- [auth-services] [restartedMain] o.s.c.c.c.ConfigServerConfigDataLoader   : Located environment: name=auth-services, profiles=[default], label=null, version=null, state=null
2025-10-30T20:57:55.298+07:00  INFO 13264 --- [auth-services] [restartedMain] .e.DevToolsPropertyDefaultsPostProcessor : Devtools property defaults active! Set 'spring.devtools.add-properties' to 'false' to disable
2025-10-30T20:57:55.298+07:00  INFO 13264 --- [auth-services] [restartedMain] .e.DevToolsPropertyDefaultsPostProcessor : For additional web related logging consider setting the 'logging.level.web' property to 'DEBUG'
2025-10-30T20:57:57.917+07:00  INFO 13264 --- [auth-services] [restartedMain] o.s.cloud.context.scope.GenericScope     : BeanFactory id=21c967e8-6fde-3ace-a539-de8ab2b69a14
2025-10-30T20:57:58.461+07:00  INFO 13264 --- [auth-services] [restartedMain] o.s.b.w.embedded.tomcat.TomcatWebServer  : Tomcat initialized with port 9000 (http)
2025-10-30T20:57:58.481+07:00  INFO 13264 --- [auth-services] [restartedMain] o.apache.catalina.core.StandardService   : Starting service [Tomcat]
2025-10-30T20:57:58.482+07:00  INFO 13264 --- [auth-services] [restartedMain] o.apache.catalina.core.StandardEngine    : Starting Servlet engine: [Apache Tomcat/10.1.46]
2025-10-30T20:57:58.567+07:00  INFO 13264 --- [auth-services] [restartedMain] o.a.c.c.C.[Tomcat].[localhost].[/]       : Initializing Spring embedded WebApplicationContext
2025-10-30T20:57:58.568+07:00  INFO 13264 --- [auth-services] [restartedMain] w.s.c.ServletWebServerApplicationContext : Root WebApplicationContext: initialization completed in 3269 ms
2025-10-30T20:57:59.000+07:00  WARN 13264 --- [auth-services] [restartedMain] ConfigServletWebServerApplicationContext : Exception encountered during context initialization - cancelling refresh attempt: org.springframework.beans.factory.UnsatisfiedDependencyException: Error creating bean with name 'oauth2AuthorizationConfig' defined in file [D:\c1024l1_jv103_spring_cloud\auth-services\build\classes\java\main\com\example\authservices\oauth2\Oauth2AuthorizationConfig.class]: Unsatisfied dependency expressed through constructor parameter 1: Error creating bean with name 'authenticationManager' defined in class path resource [com/example/authservices/security/SecurityConfig.class]: Failed to instantiate [org.springframework.security.authentication.AuthenticationManager]: Factory method 'authenticationManager' threw exception with message: Error creating bean with name 'oauth2AuthorizationConfig': Requested bean is currently in creation: Is there an unresolvable circular reference or an asynchronous initialization dependency?
2025-10-30T20:57:59.005+07:00  INFO 13264 --- [auth-services] [restartedMain] o.apache.catalina.core.StandardService   : Stopping service [Tomcat]
2025-10-30T20:57:59.049+07:00  INFO 13264 --- [auth-services] [restartedMain] .s.b.a.l.ConditionEvaluationReportLogger : 

Error starting ApplicationContext. To display the condition evaluation report re-run your application with 'debug' enabled.
2025-10-30T20:57:59.082+07:00 ERROR 13264 --- [auth-services] [restartedMain] o.s.b.d.LoggingFailureAnalysisReporter   : 

***************************
APPLICATION FAILED TO START
***************************

Description:

The dependencies of some of the beans in the application context form a cycle:

┌─────┐
|  oauth2AuthorizationConfig defined in file [D:\c1024l1_jv103_spring_cloud\auth-services\build\classes\java\main\com\example\authservices\oauth2\Oauth2AuthorizationConfig.class]
↑     ↓
|  authenticationManager defined in class path resource [com/example/authservices/security/SecurityConfig.class]
└─────┘


Action:

Relying upon circular references is discouraged and they are prohibited by default. Update your application to remove the dependency cycle between beans. As a last resort, it may be possible to break the cycle automatically by setting spring.main.allow-circular-references to true.

2025-10-30T20:58:43.665+07:00  INFO 9784 --- [auth-services] [restartedMain] c.e.a.AuthServicesApplication            : Starting AuthServicesApplication using Java 17.0.15 with PID 9784 (D:\c1024l1_jv103_spring_cloud\auth-services\build\classes\java\main started by Admin in D:\c1024l1_jv103_spring_cloud\auth-services)
2025-10-30T20:58:43.665+07:00  INFO 9784 --- [auth-services] [restartedMain] c.e.a.AuthServicesApplication            : No active profile set, falling back to 1 default profile: "default"
2025-10-30T20:58:43.739+07:00  INFO 9784 --- [auth-services] [restartedMain] o.s.c.c.c.ConfigServerConfigDataLoader   : Fetching config from server at : http://localhost:8888
2025-10-30T20:58:43.739+07:00  INFO 9784 --- [auth-services] [restartedMain] o.s.c.c.c.ConfigServerConfigDataLoader   : Located environment: name=auth-services, profiles=[default], label=null, version=null, state=null
2025-10-30T20:58:43.745+07:00  INFO 9784 --- [auth-services] [restartedMain] .e.DevToolsPropertyDefaultsPostProcessor : Devtools property defaults active! Set 'spring.devtools.add-properties' to 'false' to disable
2025-10-30T20:58:43.746+07:00  INFO 9784 --- [auth-services] [restartedMain] .e.DevToolsPropertyDefaultsPostProcessor : For additional web related logging consider setting the 'logging.level.web' property to 'DEBUG'
2025-10-30T20:58:45.631+07:00  INFO 9784 --- [auth-services] [restartedMain] o.s.cloud.context.scope.GenericScope     : BeanFactory id=21c967e8-6fde-3ace-a539-de8ab2b69a14
2025-10-30T20:58:46.173+07:00  INFO 9784 --- [auth-services] [restartedMain] o.s.b.w.embedded.tomcat.TomcatWebServer  : Tomcat initialized with port 9000 (http)
2025-10-30T20:58:46.189+07:00  INFO 9784 --- [auth-services] [restartedMain] o.apache.catalina.core.StandardService   : Starting service [Tomcat]
2025-10-30T20:58:46.190+07:00  INFO 9784 --- [auth-services] [restartedMain] o.apache.catalina.core.StandardEngine    : Starting Servlet engine: [Apache Tomcat/10.1.46]
2025-10-30T20:58:46.263+07:00  INFO 9784 --- [auth-services] [restartedMain] o.a.c.c.C.[Tomcat].[localhost].[/]       : Initializing Spring embedded WebApplicationContext
2025-10-30T20:58:46.263+07:00  INFO 9784 --- [auth-services] [restartedMain] w.s.c.ServletWebServerApplicationContext : Root WebApplicationContext: initialization completed in 2517 ms
2025-10-30T20:58:46.592+07:00  WARN 9784 --- [auth-services] [restartedMain] ConfigServletWebServerApplicationContext : Exception encountered during context initialization - cancelling refresh attempt: org.springframework.beans.factory.UnsatisfiedDependencyException: Error creating bean with name 'oauth2AuthorizationConfig' defined in file [D:\c1024l1_jv103_spring_cloud\auth-services\build\classes\java\main\com\example\authservices\oauth2\Oauth2AuthorizationConfig.class]: Unsatisfied dependency expressed through constructor parameter 1: Error creating bean with name 'authenticationManager' defined in class path resource [com/example/authservices/security/SecurityConfig.class]: Failed to instantiate [org.springframework.security.authentication.AuthenticationManager]: Factory method 'authenticationManager' threw exception with message: Error creating bean with name 'oauth2AuthorizationConfig': Requested bean is currently in creation: Is there an unresolvable circular reference or an asynchronous initialization dependency?
2025-10-30T20:58:46.594+07:00  INFO 9784 --- [auth-services] [restartedMain] o.apache.catalina.core.StandardService   : Stopping service [Tomcat]
2025-10-30T20:58:46.621+07:00  INFO 9784 --- [auth-services] [restartedMain] .s.b.a.l.ConditionEvaluationReportLogger : 

Error starting ApplicationContext. To display the condition evaluation report re-run your application with 'debug' enabled.
2025-10-30T20:58:46.649+07:00 ERROR 9784 --- [auth-services] [restartedMain] o.s.b.d.LoggingFailureAnalysisReporter   : 

***************************
APPLICATION FAILED TO START
***************************

Description:

The dependencies of some of the beans in the application context form a cycle:

┌─────┐
|  oauth2AuthorizationConfig defined in file [D:\c1024l1_jv103_spring_cloud\auth-services\build\classes\java\main\com\example\authservices\oauth2\Oauth2AuthorizationConfig.class]
↑     ↓
|  authenticationManager defined in class path resource [com/example/authservices/security/SecurityConfig.class]
└─────┘


Action:

Relying upon circular references is discouraged and they are prohibited by default. Update your application to remove the dependency cycle between beans. As a last resort, it may be possible to break the cycle automatically by setting spring.main.allow-circular-references to true.

2025-10-30T21:04:08.264+07:00  INFO 23416 --- [auth-services] [restartedMain] c.e.a.AuthServicesApplication            : Starting AuthServicesApplication using Java 17.0.15 with PID 23416 (D:\c1024l1_jv103_spring_cloud\auth-services\build\classes\java\main started by Admin in D:\c1024l1_jv103_spring_cloud\auth-services)
2025-10-30T21:04:08.266+07:00  INFO 23416 --- [auth-services] [restartedMain] c.e.a.AuthServicesApplication            : No active profile set, falling back to 1 default profile: "default"
2025-10-30T21:04:08.308+07:00  INFO 23416 --- [auth-services] [restartedMain] o.s.c.c.c.ConfigServerConfigDataLoader   : Fetching config from server at : http://localhost:8888
2025-10-30T21:04:08.308+07:00  INFO 23416 --- [auth-services] [restartedMain] o.s.c.c.c.ConfigServerConfigDataLoader   : Located environment: name=auth-services, profiles=[default], label=null, version=null, state=null
2025-10-30T21:04:08.310+07:00  INFO 23416 --- [auth-services] [restartedMain] .e.DevToolsPropertyDefaultsPostProcessor : Devtools property defaults active! Set 'spring.devtools.add-properties' to 'false' to disable
2025-10-30T21:04:08.311+07:00  INFO 23416 --- [auth-services] [restartedMain] .e.DevToolsPropertyDefaultsPostProcessor : For additional web related logging consider setting the 'logging.level.web' property to 'DEBUG'
2025-10-30T21:04:09.742+07:00  INFO 23416 --- [auth-services] [restartedMain] o.s.cloud.context.scope.GenericScope     : BeanFactory id=21c967e8-6fde-3ace-a539-de8ab2b69a14
2025-10-30T21:04:10.125+07:00  INFO 23416 --- [auth-services] [restartedMain] o.s.b.w.embedded.tomcat.TomcatWebServer  : Tomcat initialized with port 9000 (http)
2025-10-30T21:04:10.138+07:00  INFO 23416 --- [auth-services] [restartedMain] o.apache.catalina.core.StandardService   : Starting service [Tomcat]
2025-10-30T21:04:10.138+07:00  INFO 23416 --- [auth-services] [restartedMain] o.apache.catalina.core.StandardEngine    : Starting Servlet engine: [Apache Tomcat/10.1.46]
2025-10-30T21:04:10.193+07:00  INFO 23416 --- [auth-services] [restartedMain] o.a.c.c.C.[Tomcat].[localhost].[/]       : Initializing Spring embedded WebApplicationContext
2025-10-30T21:04:10.194+07:00  INFO 23416 --- [auth-services] [restartedMain] w.s.c.ServletWebServerApplicationContext : Root WebApplicationContext: initialization completed in 1883 ms
2025-10-30T21:04:10.455+07:00  WARN 23416 --- [auth-services] [restartedMain] ConfigServletWebServerApplicationContext : Exception encountered during context initialization - cancelling refresh attempt: org.springframework.beans.factory.UnsatisfiedDependencyException: Error creating bean with name 'oauth2AuthorizationConfig' defined in file [D:\c1024l1_jv103_spring_cloud\auth-services\build\classes\java\main\com\example\authservices\oauth2\Oauth2AuthorizationConfig.class]: Unsatisfied dependency expressed through constructor parameter 1: Error creating bean with name 'authenticationManager' defined in class path resource [com/example/authservices/security/SecurityConfig.class]: Failed to instantiate [org.springframework.security.authentication.AuthenticationManager]: Factory method 'authenticationManager' threw exception with message: Error creating bean with name 'oauth2AuthorizationConfig': Requested bean is currently in creation: Is there an unresolvable circular reference or an asynchronous initialization dependency?
2025-10-30T21:04:10.458+07:00  INFO 23416 --- [auth-services] [restartedMain] o.apache.catalina.core.StandardService   : Stopping service [Tomcat]
2025-10-30T21:04:10.484+07:00  INFO 23416 --- [auth-services] [restartedMain] .s.b.a.l.ConditionEvaluationReportLogger : 

Error starting ApplicationContext. To display the condition evaluation report re-run your application with 'debug' enabled.
2025-10-30T21:04:10.508+07:00 ERROR 23416 --- [auth-services] [restartedMain] o.s.b.d.LoggingFailureAnalysisReporter   : 

***************************
APPLICATION FAILED TO START
***************************

Description:

The dependencies of some of the beans in the application context form a cycle:

┌─────┐
|  oauth2AuthorizationConfig defined in file [D:\c1024l1_jv103_spring_cloud\auth-services\build\classes\java\main\com\example\authservices\oauth2\Oauth2AuthorizationConfig.class]
↑     ↓
|  authenticationManager defined in class path resource [com/example/authservices/security/SecurityConfig.class]
└─────┘


Action:

Relying upon circular references is discouraged and they are prohibited by default. Update your application to remove the dependency cycle between beans. As a last resort, it may be possible to break the cycle automatically by setting spring.main.allow-circular-references to true.

2025-10-30T21:06:20.690+07:00  INFO 10556 --- [auth-services] [restartedMain] c.e.a.AuthServicesApplication            : Starting AuthServicesApplication using Java 17.0.15 with PID 10556 (D:\c1024l1_jv103_spring_cloud\auth-services\build\classes\java\main started by Admin in D:\c1024l1_jv103_spring_cloud\auth-services)
2025-10-30T21:06:20.692+07:00  INFO 10556 --- [auth-services] [restartedMain] c.e.a.AuthServicesApplication            : No active profile set, falling back to 1 default profile: "default"
2025-10-30T21:06:20.735+07:00  INFO 10556 --- [auth-services] [restartedMain] o.s.c.c.c.ConfigServerConfigDataLoader   : Fetching config from server at : http://localhost:8888
2025-10-30T21:06:20.735+07:00  INFO 10556 --- [auth-services] [restartedMain] o.s.c.c.c.ConfigServerConfigDataLoader   : Located environment: name=auth-services, profiles=[default], label=null, version=null, state=null
2025-10-30T21:06:20.737+07:00  INFO 10556 --- [auth-services] [restartedMain] .e.DevToolsPropertyDefaultsPostProcessor : Devtools property defaults active! Set 'spring.devtools.add-properties' to 'false' to disable
2025-10-30T21:06:20.738+07:00  INFO 10556 --- [auth-services] [restartedMain] .e.DevToolsPropertyDefaultsPostProcessor : For additional web related logging consider setting the 'logging.level.web' property to 'DEBUG'
2025-10-30T21:06:22.214+07:00  INFO 10556 --- [auth-services] [restartedMain] o.s.cloud.context.scope.GenericScope     : BeanFactory id=21c967e8-6fde-3ace-a539-de8ab2b69a14
2025-10-30T21:06:22.608+07:00  INFO 10556 --- [auth-services] [restartedMain] o.s.b.w.embedded.tomcat.TomcatWebServer  : Tomcat initialized with port 9000 (http)
2025-10-30T21:06:22.622+07:00  INFO 10556 --- [auth-services] [restartedMain] o.apache.catalina.core.StandardService   : Starting service [Tomcat]
2025-10-30T21:06:22.622+07:00  INFO 10556 --- [auth-services] [restartedMain] o.apache.catalina.core.StandardEngine    : Starting Servlet engine: [Apache Tomcat/10.1.46]
2025-10-30T21:06:22.675+07:00  INFO 10556 --- [auth-services] [restartedMain] o.a.c.c.C.[Tomcat].[localhost].[/]       : Initializing Spring embedded WebApplicationContext
2025-10-30T21:06:22.676+07:00  INFO 10556 --- [auth-services] [restartedMain] w.s.c.ServletWebServerApplicationContext : Root WebApplicationContext: initialization completed in 1938 ms
2025-10-30T21:06:22.949+07:00  WARN 10556 --- [auth-services] [restartedMain] ConfigServletWebServerApplicationContext : Exception encountered during context initialization - cancelling refresh attempt: org.springframework.beans.factory.UnsatisfiedDependencyException: Error creating bean with name 'oauth2AuthorizationConfig' defined in file [D:\c1024l1_jv103_spring_cloud\auth-services\build\classes\java\main\com\example\authservices\oauth2\Oauth2AuthorizationConfig.class]: Unsatisfied dependency expressed through constructor parameter 1: Error creating bean with name 'authenticationManager' defined in class path resource [com/example/authservices/security/SecurityConfig.class]: Failed to instantiate [org.springframework.security.authentication.AuthenticationManager]: Factory method 'authenticationManager' threw exception with message: Error creating bean with name 'oauth2AuthorizationConfig': Requested bean is currently in creation: Is there an unresolvable circular reference or an asynchronous initialization dependency?
2025-10-30T21:06:22.951+07:00  INFO 10556 --- [auth-services] [restartedMain] o.apache.catalina.core.StandardService   : Stopping service [Tomcat]
2025-10-30T21:06:22.976+07:00  INFO 10556 --- [auth-services] [restartedMain] .s.b.a.l.ConditionEvaluationReportLogger : 

Error starting ApplicationContext. To display the condition evaluation report re-run your application with 'debug' enabled.
2025-10-30T21:06:22.999+07:00 ERROR 10556 --- [auth-services] [restartedMain] o.s.b.d.LoggingFailureAnalysisReporter   : 

***************************
APPLICATION FAILED TO START
***************************

Description:

The dependencies of some of the beans in the application context form a cycle:

┌─────┐
|  oauth2AuthorizationConfig defined in file [D:\c1024l1_jv103_spring_cloud\auth-services\build\classes\java\main\com\example\authservices\oauth2\Oauth2AuthorizationConfig.class]
↑     ↓
|  authenticationManager defined in class path resource [com/example/authservices/security/SecurityConfig.class]
└─────┘


Action:

Relying upon circular references is discouraged and they are prohibited by default. Update your application to remove the dependency cycle between beans. As a last resort, it may be possible to break the cycle automatically by setting spring.main.allow-circular-references to true.

2025-10-30T21:07:53.038+07:00  INFO 10456 --- [auth-services] [restartedMain] c.e.a.AuthServicesApplication            : Starting AuthServicesApplication using Java 17.0.15 with PID 10456 (D:\c1024l1_jv103_spring_cloud\auth-services\build\classes\java\main started by Admin in D:\c1024l1_jv103_spring_cloud\auth-services)
2025-10-30T21:07:53.040+07:00  INFO 10456 --- [auth-services] [restartedMain] c.e.a.AuthServicesApplication            : No active profile set, falling back to 1 default profile: "default"
2025-10-30T21:07:53.087+07:00  INFO 10456 --- [auth-services] [restartedMain] o.s.c.c.c.ConfigServerConfigDataLoader   : Fetching config from server at : http://localhost:8888
2025-10-30T21:07:53.088+07:00  INFO 10456 --- [auth-services] [restartedMain] o.s.c.c.c.ConfigServerConfigDataLoader   : Located environment: name=auth-services, profiles=[default], label=null, version=null, state=null
2025-10-30T21:07:53.091+07:00  INFO 10456 --- [auth-services] [restartedMain] .e.DevToolsPropertyDefaultsPostProcessor : Devtools property defaults active! Set 'spring.devtools.add-properties' to 'false' to disable
2025-10-30T21:07:53.091+07:00  INFO 10456 --- [auth-services] [restartedMain] .e.DevToolsPropertyDefaultsPostProcessor : For additional web related logging consider setting the 'logging.level.web' property to 'DEBUG'
2025-10-30T21:07:54.645+07:00  INFO 10456 --- [auth-services] [restartedMain] o.s.cloud.context.scope.GenericScope     : BeanFactory id=21c967e8-6fde-3ace-a539-de8ab2b69a14
2025-10-30T21:07:55.093+07:00  INFO 10456 --- [auth-services] [restartedMain] o.s.b.w.embedded.tomcat.TomcatWebServer  : Tomcat initialized with port 9000 (http)
2025-10-30T21:07:55.107+07:00  INFO 10456 --- [auth-services] [restartedMain] o.apache.catalina.core.StandardService   : Starting service [Tomcat]
2025-10-30T21:07:55.108+07:00  INFO 10456 --- [auth-services] [restartedMain] o.apache.catalina.core.StandardEngine    : Starting Servlet engine: [Apache Tomcat/10.1.46]
2025-10-30T21:07:55.172+07:00  INFO 10456 --- [auth-services] [restartedMain] o.a.c.c.C.[Tomcat].[localhost].[/]       : Initializing Spring embedded WebApplicationContext
2025-10-30T21:07:55.173+07:00  INFO 10456 --- [auth-services] [restartedMain] w.s.c.ServletWebServerApplicationContext : Root WebApplicationContext: initialization completed in 2080 ms
2025-10-30T21:07:55.475+07:00  WARN 10456 --- [auth-services] [restartedMain] ConfigServletWebServerApplicationContext : Exception encountered during context initialization - cancelling refresh attempt: org.springframework.beans.factory.UnsatisfiedDependencyException: Error creating bean with name 'oauth2AuthorizationConfig' defined in file [D:\c1024l1_jv103_spring_cloud\auth-services\build\classes\java\main\com\example\authservices\oauth2\Oauth2AuthorizationConfig.class]: Unsatisfied dependency expressed through constructor parameter 1: Error creating bean with name 'authenticationManager' defined in class path resource [com/example/authservices/security/SecurityConfig.class]: Failed to instantiate [org.springframework.security.authentication.AuthenticationManager]: Factory method 'authenticationManager' threw exception with message: Error creating bean with name 'oauth2AuthorizationConfig': Requested bean is currently in creation: Is there an unresolvable circular reference or an asynchronous initialization dependency?
2025-10-30T21:07:55.478+07:00  INFO 10456 --- [auth-services] [restartedMain] o.apache.catalina.core.StandardService   : Stopping service [Tomcat]
2025-10-30T21:07:55.508+07:00  INFO 10456 --- [auth-services] [restartedMain] .s.b.a.l.ConditionEvaluationReportLogger : 

Error starting ApplicationContext. To display the condition evaluation report re-run your application with 'debug' enabled.
2025-10-30T21:07:55.535+07:00 ERROR 10456 --- [auth-services] [restartedMain] o.s.b.d.LoggingFailureAnalysisReporter   : 

***************************
APPLICATION FAILED TO START
***************************

Description:

The dependencies of some of the beans in the application context form a cycle:

┌─────┐
|  oauth2AuthorizationConfig defined in file [D:\c1024l1_jv103_spring_cloud\auth-services\build\classes\java\main\com\example\authservices\oauth2\Oauth2AuthorizationConfig.class]
↑     ↓
|  authenticationManager defined in class path resource [com/example/authservices/security/SecurityConfig.class]
└─────┘


Action:

Relying upon circular references is discouraged and they are prohibited by default. Update your application to remove the dependency cycle between beans. As a last resort, it may be possible to break the cycle automatically by setting spring.main.allow-circular-references to true.

2025-10-30T21:20:36.001+07:00  INFO 3692 --- [auth-services] [restartedMain] c.e.a.AuthServicesApplication            : Starting AuthServicesApplication using Java 17.0.15 with PID 3692 (D:\c1024l1_jv103_spring_cloud\auth-services\build\classes\java\main started by Admin in D:\c1024l1_jv103_spring_cloud\auth-services)
2025-10-30T21:20:36.003+07:00  INFO 3692 --- [auth-services] [restartedMain] c.e.a.AuthServicesApplication            : No active profile set, falling back to 1 default profile: "default"
2025-10-30T21:20:36.043+07:00  INFO 3692 --- [auth-services] [restartedMain] o.s.c.c.c.ConfigServerConfigDataLoader   : Fetching config from server at : http://localhost:8888
2025-10-30T21:20:36.043+07:00  INFO 3692 --- [auth-services] [restartedMain] o.s.c.c.c.ConfigServerConfigDataLoader   : Located environment: name=auth-services, profiles=[default], label=null, version=null, state=null
2025-10-30T21:20:36.045+07:00  INFO 3692 --- [auth-services] [restartedMain] .e.DevToolsPropertyDefaultsPostProcessor : Devtools property defaults active! Set 'spring.devtools.add-properties' to 'false' to disable
2025-10-30T21:20:36.046+07:00  INFO 3692 --- [auth-services] [restartedMain] .e.DevToolsPropertyDefaultsPostProcessor : For additional web related logging consider setting the 'logging.level.web' property to 'DEBUG'
2025-10-30T21:20:37.465+07:00  INFO 3692 --- [auth-services] [restartedMain] o.s.cloud.context.scope.GenericScope     : BeanFactory id=21c967e8-6fde-3ace-a539-de8ab2b69a14
2025-10-30T21:20:37.867+07:00  INFO 3692 --- [auth-services] [restartedMain] o.s.b.w.embedded.tomcat.TomcatWebServer  : Tomcat initialized with port 9000 (http)
2025-10-30T21:20:37.881+07:00  INFO 3692 --- [auth-services] [restartedMain] o.apache.catalina.core.StandardService   : Starting service [Tomcat]
2025-10-30T21:20:37.881+07:00  INFO 3692 --- [auth-services] [restartedMain] o.apache.catalina.core.StandardEngine    : Starting Servlet engine: [Apache Tomcat/10.1.46]
2025-10-30T21:20:37.964+07:00  INFO 3692 --- [auth-services] [restartedMain] o.a.c.c.C.[Tomcat].[localhost].[/]       : Initializing Spring embedded WebApplicationContext
2025-10-30T21:20:37.965+07:00  INFO 3692 --- [auth-services] [restartedMain] w.s.c.ServletWebServerApplicationContext : Root WebApplicationContext: initialization completed in 1919 ms
2025-10-30T21:20:38.744+07:00  INFO 3692 --- [auth-services] [restartedMain] o.s.b.a.e.web.EndpointLinksResolver      : Exposing 17 endpoints beneath base path '/actuator'
2025-10-30T21:20:38.885+07:00  INFO 3692 --- [auth-services] [restartedMain] r$InitializeUserDetailsManagerConfigurer : Global AuthenticationManager configured with UserDetailsService bean with name userDetailsService
2025-10-30T21:20:41.443+07:00  WARN 3692 --- [auth-services] [restartedMain] o.s.b.d.a.OptionalLiveReloadServer       : Unable to start LiveReload server
2025-10-30T21:20:41.583+07:00  INFO 3692 --- [auth-services] [restartedMain] DiscoveryClientOptionalArgsConfiguration : Eureka HTTP Client uses RestTemplate.
2025-10-30T21:20:41.626+07:00  WARN 3692 --- [auth-services] [restartedMain] iguration$LoadBalancerCaffeineWarnLogger : Spring Cloud LoadBalancer is currently working with the default cache. While this cache implementation is useful for development and tests, it's recommended to use Caffeine cache in production.You can switch to using Caffeine cache, by adding it and org.springframework.cache.caffeine.CaffeineCacheManager to the classpath.
2025-10-30T21:20:41.700+07:00  INFO 3692 --- [auth-services] [restartedMain] o.s.c.n.eureka.InstanceInfoFactory       : Setting initial instance status as: STARTING
2025-10-30T21:20:41.724+07:00  INFO 3692 --- [auth-services] [restartedMain] com.netflix.discovery.DiscoveryClient    : Initializing Eureka in region us-east-1
2025-10-30T21:20:41.729+07:00  INFO 3692 --- [auth-services] [restartedMain] c.n.d.s.r.aws.ConfigClusterResolver      : Resolving eureka endpoints via configuration
2025-10-30T21:20:41.738+07:00  INFO 3692 --- [auth-services] [restartedMain] com.netflix.discovery.DiscoveryClient    : Disable delta property : false
2025-10-30T21:20:41.738+07:00  INFO 3692 --- [auth-services] [restartedMain] com.netflix.discovery.DiscoveryClient    : Single vip registry refresh property : null
2025-10-30T21:20:41.738+07:00  INFO 3692 --- [auth-services] [restartedMain] com.netflix.discovery.DiscoveryClient    : Force full registry fetch : false
2025-10-30T21:20:41.738+07:00  INFO 3692 --- [auth-services] [restartedMain] com.netflix.discovery.DiscoveryClient    : Application is null : false
2025-10-30T21:20:41.738+07:00  INFO 3692 --- [auth-services] [restartedMain] com.netflix.discovery.DiscoveryClient    : Registered Applications size is zero : true
2025-10-30T21:20:41.738+07:00  INFO 3692 --- [auth-services] [restartedMain] com.netflix.discovery.DiscoveryClient    : Application version is -1: true
2025-10-30T21:20:41.739+07:00  INFO 3692 --- [auth-services] [restartedMain] com.netflix.discovery.DiscoveryClient    : Getting all instance registry info from the eureka server
2025-10-30T21:20:42.191+07:00  INFO 3692 --- [auth-services] [restartedMain] com.netflix.discovery.DiscoveryClient    : The response status is 200
2025-10-30T21:20:42.192+07:00  INFO 3692 --- [auth-services] [restartedMain] com.netflix.discovery.DiscoveryClient    : Starting heartbeat executor: renew interval is: 30
2025-10-30T21:20:42.194+07:00  INFO 3692 --- [auth-services] [restartedMain] c.n.discovery.InstanceInfoReplicator     : InstanceInfoReplicator onDemand update allowed rate per min is 4
2025-10-30T21:20:42.196+07:00  INFO 3692 --- [auth-services] [restartedMain] com.netflix.discovery.DiscoveryClient    : Discovery Client initialized at timestamp 1761834042195 with initial instances count: 0
2025-10-30T21:20:42.199+07:00  INFO 3692 --- [auth-services] [restartedMain] o.s.c.n.e.s.EurekaServiceRegistry        : Registering application AUTH-SERVICES with eureka with status UP
2025-10-30T21:20:42.200+07:00  INFO 3692 --- [auth-services] [restartedMain] com.netflix.discovery.DiscoveryClient    : Saw local status change event StatusChangeEvent [timestamp=1761834042200, current=UP, previous=STARTING]
2025-10-30T21:20:42.201+07:00  INFO 3692 --- [auth-services] [DiscoveryClient-InstanceInfoReplicator-%d] com.netflix.discovery.DiscoveryClient    : DiscoveryClient_AUTH-SERVICES/Khanh:auth-services:9000: registering service...
2025-10-30T21:20:42.240+07:00  INFO 3692 --- [auth-services] [restartedMain] o.s.b.w.embedded.tomcat.TomcatWebServer  : Tomcat started on port 9000 (http) with context path '/'
2025-10-30T21:20:42.241+07:00  INFO 3692 --- [auth-services] [restartedMain] .s.c.n.e.s.EurekaAutoServiceRegistration : Updating port to 9000
2025-10-30T21:20:42.320+07:00  INFO 3692 --- [auth-services] [DiscoveryClient-InstanceInfoReplicator-%d] com.netflix.discovery.DiscoveryClient    : DiscoveryClient_AUTH-SERVICES/Khanh:auth-services:9000 - registration status: 204
2025-10-30T21:20:42.385+07:00  INFO 3692 --- [auth-services] [restartedMain] c.e.a.AuthServicesApplication            : Started AuthServicesApplication in 7.527 seconds (process running for 8.535)
2025-10-30T21:20:43.088+07:00  INFO 3692 --- [auth-services] [RMI TCP Connection(1)-26.82.69.187] o.a.c.c.C.[Tomcat].[localhost].[/]       : Initializing Spring DispatcherServlet 'dispatcherServlet'
2025-10-30T21:20:43.088+07:00  INFO 3692 --- [auth-services] [RMI TCP Connection(1)-26.82.69.187] o.s.web.servlet.DispatcherServlet        : Initializing Servlet 'dispatcherServlet'
2025-10-30T21:20:43.093+07:00  INFO 3692 --- [auth-services] [RMI TCP Connection(1)-26.82.69.187] o.s.web.servlet.DispatcherServlet        : Completed initialization in 4 ms
2025-10-30T21:21:12.205+07:00  INFO 3692 --- [auth-services] [DiscoveryClient-CacheRefreshExecutor-%d] com.netflix.discovery.DiscoveryClient    : Disable delta property : false
2025-10-30T21:21:12.206+07:00  INFO 3692 --- [auth-services] [DiscoveryClient-CacheRefreshExecutor-%d] com.netflix.discovery.DiscoveryClient    : Single vip registry refresh property : null
2025-10-30T21:21:12.208+07:00  INFO 3692 --- [auth-services] [DiscoveryClient-CacheRefreshExecutor-%d] com.netflix.discovery.DiscoveryClient    : Force full registry fetch : false
2025-10-30T21:21:12.208+07:00  INFO 3692 --- [auth-services] [DiscoveryClient-CacheRefreshExecutor-%d] com.netflix.discovery.DiscoveryClient    : Application is null : false
2025-10-30T21:21:12.209+07:00  INFO 3692 --- [auth-services] [DiscoveryClient-CacheRefreshExecutor-%d] com.netflix.discovery.DiscoveryClient    : Registered Applications size is zero : true
2025-10-30T21:21:12.209+07:00  INFO 3692 --- [auth-services] [DiscoveryClient-CacheRefreshExecutor-%d] com.netflix.discovery.DiscoveryClient    : Application version is -1: false
2025-10-30T21:21:12.210+07:00  INFO 3692 --- [auth-services] [DiscoveryClient-CacheRefreshExecutor-%d] com.netflix.discovery.DiscoveryClient    : Getting all instance registry info from the eureka server
2025-10-30T21:21:12.233+07:00  INFO 3692 --- [auth-services] [DiscoveryClient-CacheRefreshExecutor-%d] com.netflix.discovery.DiscoveryClient    : The response status is 200
2025-10-30T21:25:41.747+07:00  INFO 3692 --- [auth-services] [AsyncResolver-bootstrap-executor-%d] c.n.d.s.r.aws.ConfigClusterResolver      : Resolving eureka endpoints via configuration
2025-10-30T21:30:41.752+07:00  INFO 3692 --- [auth-services] [AsyncResolver-bootstrap-executor-%d] c.n.d.s.r.aws.ConfigClusterResolver      : Resolving eureka endpoints via configuration
2025-10-30T21:33:27.081+07:00  INFO 3692 --- [auth-services] [File Watcher] rtingClassPathChangeChangedEventListener : Restarting due to 1 class path change (0 additions, 1 deletion, 0 modifications)
2025-10-30T21:33:27.084+07:00  INFO 3692 --- [auth-services] [Thread-1] o.s.c.n.e.s.EurekaServiceRegistry        : Unregistering application AUTH-SERVICES with eureka with status DOWN
2025-10-30T21:33:27.084+07:00  INFO 3692 --- [auth-services] [Thread-1] com.netflix.discovery.DiscoveryClient    : Saw local status change event StatusChangeEvent [timestamp=1761834807084, current=DOWN, previous=UP]
2025-10-30T21:33:27.085+07:00  INFO 3692 --- [auth-services] [DiscoveryClient-InstanceInfoReplicator-%d] com.netflix.discovery.DiscoveryClient    : DiscoveryClient_AUTH-SERVICES/Khanh:auth-services:9000: registering service...
2025-10-30T21:33:27.089+07:00  INFO 3692 --- [auth-services] [Thread-1] o.s.b.w.e.tomcat.GracefulShutdown        : Commencing graceful shutdown. Waiting for active requests to complete
2025-10-30T21:33:27.090+07:00  INFO 3692 --- [auth-services] [DiscoveryClient-InstanceInfoReplicator-%d] com.netflix.discovery.DiscoveryClient    : DiscoveryClient_AUTH-SERVICES/Khanh:auth-services:9000 - registration status: 204
2025-10-30T21:33:27.139+07:00  INFO 3692 --- [auth-services] [tomcat-shutdown] o.s.b.w.e.tomcat.GracefulShutdown        : Graceful shutdown complete
2025-10-30T21:33:27.153+07:00  INFO 3692 --- [auth-services] [Thread-1] com.netflix.discovery.DiscoveryClient    : Shutting down DiscoveryClient ...
2025-10-30T21:33:30.155+07:00  INFO 3692 --- [auth-services] [Thread-1] com.netflix.discovery.DiscoveryClient    : Unregistering ...
2025-10-30T21:33:30.185+07:00  INFO 3692 --- [auth-services] [Thread-1] com.netflix.discovery.DiscoveryClient    : DiscoveryClient_AUTH-SERVICES/Khanh:auth-services:9000 - deregister  status: 200
2025-10-30T21:33:30.185+07:00  INFO 3692 --- [auth-services] [Thread-1] com.netflix.discovery.DiscoveryClient    : Completed shut down of DiscoveryClient
2025-10-30T21:33:30.648+07:00  INFO 3692 --- [auth-services] [restartedMain] c.e.a.AuthServicesApplication            : Starting AuthServicesApplication using Java 17.0.15 with PID 3692 (D:\c1024l1_jv103_spring_cloud\auth-services\build\classes\java\main started by Admin in D:\c1024l1_jv103_spring_cloud\auth-services)
2025-10-30T21:33:30.648+07:00  INFO 3692 --- [auth-services] [restartedMain] c.e.a.AuthServicesApplication            : No active profile set, falling back to 1 default profile: "default"
2025-10-30T21:33:30.655+07:00  INFO 3692 --- [auth-services] [restartedMain] o.s.c.c.c.ConfigServerConfigDataLoader   : Fetching config from server at : http://localhost:8888
2025-10-30T21:33:30.655+07:00  INFO 3692 --- [auth-services] [restartedMain] o.s.c.c.c.ConfigServerConfigDataLoader   : Located environment: name=auth-services, profiles=[default], label=null, version=null, state=null
2025-10-30T21:33:31.361+07:00  INFO 3692 --- [auth-services] [restartedMain] o.s.cloud.context.scope.GenericScope     : BeanFactory id=21c967e8-6fde-3ace-a539-de8ab2b69a14
2025-10-30T21:33:31.448+07:00  INFO 3692 --- [auth-services] [restartedMain] o.s.b.w.embedded.tomcat.TomcatWebServer  : Tomcat initialized with port 9000 (http)
2025-10-30T21:33:31.449+07:00  INFO 3692 --- [auth-services] [restartedMain] o.apache.catalina.core.StandardService   : Starting service [Tomcat]
2025-10-30T21:33:31.450+07:00  INFO 3692 --- [auth-services] [restartedMain] o.apache.catalina.core.StandardEngine    : Starting Servlet engine: [Apache Tomcat/10.1.46]
2025-10-30T21:33:31.488+07:00  INFO 3692 --- [auth-services] [restartedMain] o.a.c.c.C.[Tomcat].[localhost].[/]       : Initializing Spring embedded WebApplicationContext
2025-10-30T21:33:31.489+07:00  INFO 3692 --- [auth-services] [restartedMain] w.s.c.ServletWebServerApplicationContext : Root WebApplicationContext: initialization completed in 834 ms
2025-10-30T21:33:31.917+07:00  INFO 3692 --- [auth-services] [restartedMain] o.s.b.a.e.web.EndpointLinksResolver      : Exposing 17 endpoints beneath base path '/actuator'
2025-10-30T21:33:32.037+07:00  INFO 3692 --- [auth-services] [restartedMain] r$InitializeUserDetailsManagerConfigurer : Global AuthenticationManager configured with UserDetailsService bean with name userDetailsService
2025-10-30T21:33:33.748+07:00  WARN 3692 --- [auth-services] [restartedMain] o.s.b.d.a.OptionalLiveReloadServer       : Unable to start LiveReload server
2025-10-30T21:33:33.876+07:00  INFO 3692 --- [auth-services] [restartedMain] DiscoveryClientOptionalArgsConfiguration : Eureka HTTP Client uses RestTemplate.
2025-10-30T21:33:33.892+07:00  WARN 3692 --- [auth-services] [restartedMain] iguration$LoadBalancerCaffeineWarnLogger : Spring Cloud LoadBalancer is currently working with the default cache. While this cache implementation is useful for development and tests, it's recommended to use Caffeine cache in production.You can switch to using Caffeine cache, by adding it and org.springframework.cache.caffeine.CaffeineCacheManager to the classpath.
2025-10-30T21:33:33.927+07:00  INFO 3692 --- [auth-services] [restartedMain] o.s.c.n.eureka.InstanceInfoFactory       : Setting initial instance status as: STARTING
2025-10-30T21:33:33.929+07:00  INFO 3692 --- [auth-services] [restartedMain] com.netflix.discovery.DiscoveryClient    : Initializing Eureka in region us-east-1
2025-10-30T21:33:33.929+07:00  INFO 3692 --- [auth-services] [restartedMain] c.n.d.s.r.aws.ConfigClusterResolver      : Resolving eureka endpoints via configuration
2025-10-30T21:33:33.930+07:00  INFO 3692 --- [auth-services] [restartedMain] com.netflix.discovery.DiscoveryClient    : Disable delta property : false
2025-10-30T21:33:33.930+07:00  INFO 3692 --- [auth-services] [restartedMain] com.netflix.discovery.DiscoveryClient    : Single vip registry refresh property : null
2025-10-30T21:33:33.930+07:00  INFO 3692 --- [auth-services] [restartedMain] com.netflix.discovery.DiscoveryClient    : Force full registry fetch : false
2025-10-30T21:33:33.930+07:00  INFO 3692 --- [auth-services] [restartedMain] com.netflix.discovery.DiscoveryClient    : Application is null : false
2025-10-30T21:33:33.930+07:00  INFO 3692 --- [auth-services] [restartedMain] com.netflix.discovery.DiscoveryClient    : Registered Applications size is zero : true
2025-10-30T21:33:33.930+07:00  INFO 3692 --- [auth-services] [restartedMain] com.netflix.discovery.DiscoveryClient    : Application version is -1: true
2025-10-30T21:33:33.930+07:00  INFO 3692 --- [auth-services] [restartedMain] com.netflix.discovery.DiscoveryClient    : Getting all instance registry info from the eureka server
2025-10-30T21:33:33.969+07:00  INFO 3692 --- [auth-services] [restartedMain] com.netflix.discovery.DiscoveryClient    : The response status is 200
2025-10-30T21:33:33.969+07:00  INFO 3692 --- [auth-services] [restartedMain] com.netflix.discovery.DiscoveryClient    : Starting heartbeat executor: renew interval is: 30
2025-10-30T21:33:33.969+07:00  INFO 3692 --- [auth-services] [restartedMain] c.n.discovery.InstanceInfoReplicator     : InstanceInfoReplicator onDemand update allowed rate per min is 4
2025-10-30T21:33:33.969+07:00  INFO 3692 --- [auth-services] [restartedMain] com.netflix.discovery.DiscoveryClient    : Discovery Client initialized at timestamp 1761834813969 with initial instances count: 0
2025-10-30T21:33:33.969+07:00  INFO 3692 --- [auth-services] [restartedMain] o.s.c.n.e.s.EurekaServiceRegistry        : Registering application AUTH-SERVICES with eureka with status UP
2025-10-30T21:33:33.969+07:00  INFO 3692 --- [auth-services] [restartedMain] com.netflix.discovery.DiscoveryClient    : Saw local status change event StatusChangeEvent [timestamp=1761834813969, current=UP, previous=STARTING]
2025-10-30T21:33:33.969+07:00  INFO 3692 --- [auth-services] [DiscoveryClient-InstanceInfoReplicator-%d] com.netflix.discovery.DiscoveryClient    : DiscoveryClient_AUTH-SERVICES/Khanh:auth-services:9000: registering service...
2025-10-30T21:33:33.976+07:00  INFO 3692 --- [auth-services] [restartedMain] o.s.b.w.embedded.tomcat.TomcatWebServer  : Tomcat started on port 9000 (http) with context path '/'
2025-10-30T21:33:33.980+07:00  INFO 3692 --- [auth-services] [restartedMain] .s.c.n.e.s.EurekaAutoServiceRegistration : Updating port to 9000
2025-10-30T21:33:33.992+07:00  INFO 3692 --- [auth-services] [DiscoveryClient-InstanceInfoReplicator-%d] com.netflix.discovery.DiscoveryClient    : DiscoveryClient_AUTH-SERVICES/Khanh:auth-services:9000 - registration status: 204
2025-10-30T21:33:34.161+07:00  INFO 3692 --- [auth-services] [restartedMain] c.e.a.AuthServicesApplication            : Started AuthServicesApplication in 3.79 seconds (process running for 780.312)
2025-10-30T21:33:34.161+07:00  INFO 3692 --- [auth-services] [restartedMain] .ConditionEvaluationDeltaLoggingListener : Condition evaluation unchanged
2025-10-30T21:33:35.194+07:00  INFO 3692 --- [auth-services] [File Watcher] rtingClassPathChangeChangedEventListener : Restarting due to 1 class path change (1 addition, 0 deletions, 0 modifications)
2025-10-30T21:33:35.194+07:00  INFO 3692 --- [auth-services] [Thread-7] o.s.c.n.e.s.EurekaServiceRegistry        : Unregistering application AUTH-SERVICES with eureka with status DOWN
2025-10-30T21:33:35.194+07:00  INFO 3692 --- [auth-services] [Thread-7] com.netflix.discovery.DiscoveryClient    : Saw local status change event StatusChangeEvent [timestamp=1761834815194, current=DOWN, previous=UP]
2025-10-30T21:33:35.194+07:00  INFO 3692 --- [auth-services] [DiscoveryClient-InstanceInfoReplicator-%d] com.netflix.discovery.DiscoveryClient    : DiscoveryClient_AUTH-SERVICES/Khanh:auth-services:9000: registering service...
2025-10-30T21:33:35.194+07:00  INFO 3692 --- [auth-services] [Thread-7] o.s.b.w.e.tomcat.GracefulShutdown        : Commencing graceful shutdown. Waiting for active requests to complete
2025-10-30T21:33:35.214+07:00  INFO 3692 --- [auth-services] [DiscoveryClient-InstanceInfoReplicator-%d] com.netflix.discovery.DiscoveryClient    : DiscoveryClient_AUTH-SERVICES/Khanh:auth-services:9000 - registration status: 204
2025-10-30T21:33:35.277+07:00  INFO 3692 --- [auth-services] [tomcat-shutdown] o.s.b.w.e.tomcat.GracefulShutdown        : Graceful shutdown complete
2025-10-30T21:33:35.289+07:00  INFO 3692 --- [auth-services] [Thread-7] com.netflix.discovery.DiscoveryClient    : Shutting down DiscoveryClient ...
2025-10-30T21:33:38.297+07:00  INFO 3692 --- [auth-services] [Thread-7] com.netflix.discovery.DiscoveryClient    : Unregistering ...
2025-10-30T21:33:38.314+07:00  INFO 3692 --- [auth-services] [Thread-7] com.netflix.discovery.DiscoveryClient    : DiscoveryClient_AUTH-SERVICES/Khanh:auth-services:9000 - deregister  status: 200
2025-10-30T21:33:38.314+07:00  INFO 3692 --- [auth-services] [Thread-7] com.netflix.discovery.DiscoveryClient    : Completed shut down of DiscoveryClient
2025-10-30T21:33:38.640+07:00  INFO 3692 --- [auth-services] [restartedMain] c.e.a.AuthServicesApplication            : Starting AuthServicesApplication using Java 17.0.15 with PID 3692 (D:\c1024l1_jv103_spring_cloud\auth-services\build\classes\java\main started by Admin in D:\c1024l1_jv103_spring_cloud\auth-services)
2025-10-30T21:33:38.640+07:00  INFO 3692 --- [auth-services] [restartedMain] c.e.a.AuthServicesApplication            : No active profile set, falling back to 1 default profile: "default"
2025-10-30T21:33:38.643+07:00  INFO 3692 --- [auth-services] [restartedMain] o.s.c.c.c.ConfigServerConfigDataLoader   : Fetching config from server at : http://localhost:8888
2025-10-30T21:33:38.644+07:00  INFO 3692 --- [auth-services] [restartedMain] o.s.c.c.c.ConfigServerConfigDataLoader   : Located environment: name=auth-services, profiles=[default], label=null, version=null, state=null
2025-10-30T21:33:39.261+07:00  INFO 3692 --- [auth-services] [restartedMain] o.s.cloud.context.scope.GenericScope     : BeanFactory id=21c967e8-6fde-3ace-a539-de8ab2b69a14
2025-10-30T21:33:39.325+07:00  INFO 3692 --- [auth-services] [restartedMain] o.s.b.w.embedded.tomcat.TomcatWebServer  : Tomcat initialized with port 9000 (http)
2025-10-30T21:33:39.326+07:00  INFO 3692 --- [auth-services] [restartedMain] o.apache.catalina.core.StandardService   : Starting service [Tomcat]
2025-10-30T21:33:39.326+07:00  INFO 3692 --- [auth-services] [restartedMain] o.apache.catalina.core.StandardEngine    : Starting Servlet engine: [Apache Tomcat/10.1.46]
2025-10-30T21:33:39.369+07:00  INFO 3692 --- [auth-services] [restartedMain] o.a.c.c.C.[Tomcat].[localhost].[/]       : Initializing Spring embedded WebApplicationContext
2025-10-30T21:33:39.369+07:00  INFO 3692 --- [auth-services] [restartedMain] w.s.c.ServletWebServerApplicationContext : Root WebApplicationContext: initialization completed in 725 ms
2025-10-30T21:33:40.008+07:00  INFO 3692 --- [auth-services] [restartedMain] o.s.b.a.e.web.EndpointLinksResolver      : Exposing 17 endpoints beneath base path '/actuator'
2025-10-30T21:33:40.170+07:00  INFO 3692 --- [auth-services] [restartedMain] r$InitializeUserDetailsManagerConfigurer : Global AuthenticationManager configured with UserDetailsService bean with name userDetailsService
2025-10-30T21:33:42.218+07:00  WARN 3692 --- [auth-services] [restartedMain] o.s.b.d.a.OptionalLiveReloadServer       : Unable to start LiveReload server
2025-10-30T21:33:42.349+07:00  INFO 3692 --- [auth-services] [restartedMain] DiscoveryClientOptionalArgsConfiguration : Eureka HTTP Client uses RestTemplate.
2025-10-30T21:33:42.365+07:00  WARN 3692 --- [auth-services] [restartedMain] iguration$LoadBalancerCaffeineWarnLogger : Spring Cloud LoadBalancer is currently working with the default cache. While this cache implementation is useful for development and tests, it's recommended to use Caffeine cache in production.You can switch to using Caffeine cache, by adding it and org.springframework.cache.caffeine.CaffeineCacheManager to the classpath.
2025-10-30T21:33:42.381+07:00  INFO 3692 --- [auth-services] [restartedMain] o.s.c.n.eureka.InstanceInfoFactory       : Setting initial instance status as: STARTING
2025-10-30T21:33:42.397+07:00  INFO 3692 --- [auth-services] [restartedMain] com.netflix.discovery.DiscoveryClient    : Initializing Eureka in region us-east-1
2025-10-30T21:33:42.397+07:00  INFO 3692 --- [auth-services] [restartedMain] c.n.d.s.r.aws.ConfigClusterResolver      : Resolving eureka endpoints via configuration
2025-10-30T21:33:42.397+07:00  INFO 3692 --- [auth-services] [restartedMain] com.netflix.discovery.DiscoveryClient    : Disable delta property : false
2025-10-30T21:33:42.397+07:00  INFO 3692 --- [auth-services] [restartedMain] com.netflix.discovery.DiscoveryClient    : Single vip registry refresh property : null
2025-10-30T21:33:42.397+07:00  INFO 3692 --- [auth-services] [restartedMain] com.netflix.discovery.DiscoveryClient    : Force full registry fetch : false
2025-10-30T21:33:42.397+07:00  INFO 3692 --- [auth-services] [restartedMain] com.netflix.discovery.DiscoveryClient    : Application is null : false
2025-10-30T21:33:42.397+07:00  INFO 3692 --- [auth-services] [restartedMain] com.netflix.discovery.DiscoveryClient    : Registered Applications size is zero : true
2025-10-30T21:33:42.397+07:00  INFO 3692 --- [auth-services] [restartedMain] com.netflix.discovery.DiscoveryClient    : Application version is -1: true
2025-10-30T21:33:42.397+07:00  INFO 3692 --- [auth-services] [restartedMain] com.netflix.discovery.DiscoveryClient    : Getting all instance registry info from the eureka server
2025-10-30T21:33:42.418+07:00  INFO 3692 --- [auth-services] [restartedMain] com.netflix.discovery.DiscoveryClient    : The response status is 200
2025-10-30T21:33:42.418+07:00  INFO 3692 --- [auth-services] [restartedMain] com.netflix.discovery.DiscoveryClient    : Starting heartbeat executor: renew interval is: 30
2025-10-30T21:33:42.418+07:00  INFO 3692 --- [auth-services] [restartedMain] c.n.discovery.InstanceInfoReplicator     : InstanceInfoReplicator onDemand update allowed rate per min is 4
2025-10-30T21:33:42.418+07:00  INFO 3692 --- [auth-services] [restartedMain] com.netflix.discovery.DiscoveryClient    : Discovery Client initialized at timestamp 1761834822418 with initial instances count: 0
2025-10-30T21:33:42.418+07:00  INFO 3692 --- [auth-services] [restartedMain] o.s.c.n.e.s.EurekaServiceRegistry        : Registering application AUTH-SERVICES with eureka with status UP
2025-10-30T21:33:42.418+07:00  INFO 3692 --- [auth-services] [restartedMain] com.netflix.discovery.DiscoveryClient    : Saw local status change event StatusChangeEvent [timestamp=1761834822418, current=UP, previous=STARTING]
2025-10-30T21:33:42.418+07:00  INFO 3692 --- [auth-services] [DiscoveryClient-InstanceInfoReplicator-%d] com.netflix.discovery.DiscoveryClient    : DiscoveryClient_AUTH-SERVICES/Khanh:auth-services:9000: registering service...
2025-10-30T21:33:42.430+07:00  INFO 3692 --- [auth-services] [restartedMain] o.s.b.w.embedded.tomcat.TomcatWebServer  : Tomcat started on port 9000 (http) with context path '/'
2025-10-30T21:33:42.430+07:00  INFO 3692 --- [auth-services] [restartedMain] .s.c.n.e.s.EurekaAutoServiceRegistration : Updating port to 9000
2025-10-30T21:33:42.440+07:00  INFO 3692 --- [auth-services] [DiscoveryClient-InstanceInfoReplicator-%d] com.netflix.discovery.DiscoveryClient    : DiscoveryClient_AUTH-SERVICES/Khanh:auth-services:9000 - registration status: 204
2025-10-30T21:33:42.575+07:00  INFO 3692 --- [auth-services] [restartedMain] c.e.a.AuthServicesApplication            : Started AuthServicesApplication in 4.163 seconds (process running for 788.736)
2025-10-30T21:33:42.590+07:00  INFO 3692 --- [auth-services] [restartedMain] .ConditionEvaluationDeltaLoggingListener : Condition evaluation unchanged
2025-10-30T21:34:12.434+07:00  INFO 3692 --- [auth-services] [DiscoveryClient-CacheRefreshExecutor-%d] com.netflix.discovery.DiscoveryClient    : Disable delta property : false
2025-10-30T21:34:12.434+07:00  INFO 3692 --- [auth-services] [DiscoveryClient-CacheRefreshExecutor-%d] com.netflix.discovery.DiscoveryClient    : Single vip registry refresh property : null
2025-10-30T21:34:12.434+07:00  INFO 3692 --- [auth-services] [DiscoveryClient-CacheRefreshExecutor-%d] com.netflix.discovery.DiscoveryClient    : Force full registry fetch : false
2025-10-30T21:34:12.434+07:00  INFO 3692 --- [auth-services] [DiscoveryClient-CacheRefreshExecutor-%d] com.netflix.discovery.DiscoveryClient    : Application is null : false
2025-10-30T21:34:12.434+07:00  INFO 3692 --- [auth-services] [DiscoveryClient-CacheRefreshExecutor-%d] com.netflix.discovery.DiscoveryClient    : Registered Applications size is zero : true
2025-10-30T21:34:12.434+07:00  INFO 3692 --- [auth-services] [DiscoveryClient-CacheRefreshExecutor-%d] com.netflix.discovery.DiscoveryClient    : Application version is -1: false
2025-10-30T21:34:12.434+07:00  INFO 3692 --- [auth-services] [DiscoveryClient-CacheRefreshExecutor-%d] com.netflix.discovery.DiscoveryClient    : Getting all instance registry info from the eureka server
2025-10-30T21:34:12.452+07:00  INFO 3692 --- [auth-services] [DiscoveryClient-CacheRefreshExecutor-%d] com.netflix.discovery.DiscoveryClient    : The response status is 200
2025-10-30T21:36:38.646+07:00  INFO 3692 --- [auth-services] [SpringApplicationShutdownHook] o.s.c.n.e.s.EurekaServiceRegistry        : Unregistering application AUTH-SERVICES with eureka with status DOWN
2025-10-30T21:36:38.646+07:00  INFO 3692 --- [auth-services] [SpringApplicationShutdownHook] com.netflix.discovery.DiscoveryClient    : Saw local status change event StatusChangeEvent [timestamp=1761834998646, current=DOWN, previous=UP]
2025-10-30T21:36:38.647+07:00  INFO 3692 --- [auth-services] [DiscoveryClient-InstanceInfoReplicator-%d] com.netflix.discovery.DiscoveryClient    : DiscoveryClient_AUTH-SERVICES/Khanh:auth-services:9000: registering service...
2025-10-30T21:36:38.650+07:00  INFO 3692 --- [auth-services] [SpringApplicationShutdownHook] o.s.b.w.e.tomcat.GracefulShutdown        : Commencing graceful shutdown. Waiting for active requests to complete
2025-10-30T21:36:38.665+07:00  INFO 3692 --- [auth-services] [DiscoveryClient-InstanceInfoReplicator-%d] com.netflix.discovery.DiscoveryClient    : DiscoveryClient_AUTH-SERVICES/Khanh:auth-services:9000 - registration status: 204
2025-10-30T21:36:38.691+07:00  INFO 3692 --- [auth-services] [tomcat-shutdown] o.s.b.w.e.tomcat.GracefulShutdown        : Graceful shutdown complete
2025-10-30T21:36:38.701+07:00  INFO 3692 --- [auth-services] [SpringApplicationShutdownHook] com.netflix.discovery.DiscoveryClient    : Shutting down DiscoveryClient ...
2025-10-30T21:36:41.716+07:00  INFO 3692 --- [auth-services] [SpringApplicationShutdownHook] com.netflix.discovery.DiscoveryClient    : Unregistering ...
2025-10-30T21:36:41.739+07:00  INFO 3692 --- [auth-services] [SpringApplicationShutdownHook] com.netflix.discovery.DiscoveryClient    : DiscoveryClient_AUTH-SERVICES/Khanh:auth-services:9000 - deregister  status: 200
2025-10-30T21:36:41.740+07:00  INFO 3692 --- [auth-services] [SpringApplicationShutdownHook] com.netflix.discovery.DiscoveryClient    : Completed shut down of DiscoveryClient
