2025-11-01T21:16:41.058+07:00  INFO 4516 --- [account-services] [restartedMain] [                                                 ] c.e.a.AccountServicesApplication         : Starting AccountServicesApplication using Java 17.0.16 with PID 4516 (D:\c1024l1_jv103_spring_cloud\account-services\build\classes\java\main started by Admin in D:\c1024l1_jv103_spring_cloud\account-services)
2025-11-01T21:16:41.064+07:00  INFO 4516 --- [account-services] [restartedMain] [                                                 ] c.e.a.AccountServicesApplication         : No active profile set, falling back to 1 default profile: "default"
2025-11-01T21:16:41.119+07:00  INFO 4516 --- [account-services] [restartedMain] [                                                 ] o.s.c.c.c.ConfigServerConfigDataLoader   : Fetching config from server at : http://localhost:8888
2025-11-01T21:16:41.119+07:00  INFO 4516 --- [account-services] [restartedMain] [                                                 ] o.s.c.c.c.ConfigServerConfigDataLoader   : Located environment: name=account-services, profiles=[default], label=null, version=null, state=null
2025-11-01T21:16:41.124+07:00  INFO 4516 --- [account-services] [restartedMain] [                                                 ] .e.DevToolsPropertyDefaultsPostProcessor : Devtools property defaults active! Set 'spring.devtools.add-properties' to 'false' to disable
2025-11-01T21:16:41.124+07:00  INFO 4516 --- [account-services] [restartedMain] [                                                 ] .e.DevToolsPropertyDefaultsPostProcessor : For additional web related logging consider setting the 'logging.level.web' property to 'DEBUG'
2025-11-01T21:16:42.556+07:00  INFO 4516 --- [account-services] [restartedMain] [                                                 ] .s.d.r.c.RepositoryConfigurationDelegate : Bootstrapping Spring Data JPA repositories in DEFAULT mode.
2025-11-01T21:16:42.695+07:00  INFO 4516 --- [account-services] [restartedMain] [                                                 ] .s.d.r.c.RepositoryConfigurationDelegate : Finished Spring Data repository scanning in 128 ms. Found 1 JPA repository interface.
2025-11-01T21:16:43.126+07:00  INFO 4516 --- [account-services] [restartedMain] [                                                 ] o.s.cloud.context.scope.GenericScope     : BeanFactory id=f61f8593-eceb-3915-bf44-bb5a3506dff0
2025-11-01T21:16:44.079+07:00  INFO 4516 --- [account-services] [restartedMain] [                                                 ] o.s.b.w.embedded.tomcat.TomcatWebServer  : Tomcat initialized with port 9081 (http)
2025-11-01T21:16:44.090+07:00  INFO 4516 --- [account-services] [restartedMain] [                                                 ] o.apache.catalina.core.StandardService   : Starting service [Tomcat]
2025-11-01T21:16:44.092+07:00  INFO 4516 --- [account-services] [restartedMain] [                                                 ] o.apache.catalina.core.StandardEngine    : Starting Servlet engine: [Apache Tomcat/10.1.46]
2025-11-01T21:16:44.160+07:00  INFO 4516 --- [account-services] [restartedMain] [                                                 ] o.a.c.c.C.[Tomcat].[localhost].[/]       : Initializing Spring embedded WebApplicationContext
2025-11-01T21:16:44.161+07:00  INFO 4516 --- [account-services] [restartedMain] [                                                 ] w.s.c.ServletWebServerApplicationContext : Root WebApplicationContext: initialization completed in 3036 ms
2025-11-01T21:16:45.077+07:00  INFO 4516 --- [account-services] [restartedMain] [                                                 ] com.zaxxer.hikari.HikariDataSource       : HikariPool-1 - Starting...
2025-11-01T21:16:45.279+07:00  INFO 4516 --- [account-services] [restartedMain] [                                                 ] com.zaxxer.hikari.pool.HikariPool        : HikariPool-1 - Added connection com.mysql.cj.jdbc.ConnectionImpl@2a70a8c4
2025-11-01T21:16:45.283+07:00  INFO 4516 --- [account-services] [restartedMain] [                                                 ] com.zaxxer.hikari.HikariDataSource       : HikariPool-1 - Start completed.
2025-11-01T21:16:45.325+07:00  INFO 4516 --- [account-services] [restartedMain] [                                                 ] o.hibernate.jpa.internal.util.LogHelper  : HHH000204: Processing PersistenceUnitInfo [name: default]
2025-11-01T21:16:45.383+07:00  INFO 4516 --- [account-services] [restartedMain] [                                                 ] org.hibernate.Version                    : HHH000412: Hibernate ORM core version 6.6.29.Final
2025-11-01T21:16:45.426+07:00  INFO 4516 --- [account-services] [restartedMain] [                                                 ] o.h.c.internal.RegionFactoryInitiator    : HHH000026: Second-level cache disabled
2025-11-01T21:16:45.809+07:00  INFO 4516 --- [account-services] [restartedMain] [                                                 ] o.s.o.j.p.SpringPersistenceUnitInfo      : No LoadTimeWeaver setup: ignoring JPA class transformer
2025-11-01T21:16:45.880+07:00  WARN 4516 --- [account-services] [restartedMain] [                                                 ] org.hibernate.orm.deprecation            : HHH90000025: MySQL8Dialect does not need to be specified explicitly using 'hibernate.dialect' (remove the property setting and it will be selected by default)
2025-11-01T21:16:45.881+07:00  WARN 4516 --- [account-services] [restartedMain] [                                                 ] org.hibernate.orm.deprecation            : HHH90000026: MySQL8Dialect has been deprecated; use org.hibernate.dialect.MySQLDialect instead
2025-11-01T21:16:45.897+07:00  INFO 4516 --- [account-services] [restartedMain] [                                                 ] org.hibernate.orm.connections.pooling    : HHH10001005: Database info:
	Database JDBC URL [Connecting through datasource 'HikariDataSource (HikariPool-1)']
	Database driver: undefined/unknown
	Database version: 8.0
	Autocommit mode: undefined/unknown
	Isolation level: undefined/unknown
	Minimum pool size: undefined/unknown
	Maximum pool size: undefined/unknown
2025-11-01T21:16:47.066+07:00  INFO 4516 --- [account-services] [restartedMain] [                                                 ] o.h.e.t.j.p.i.JtaPlatformInitiator       : HHH000489: No JTA platform available (set 'hibernate.transaction.jta.platform' to enable JTA platform integration)
2025-11-01T21:16:47.153+07:00  INFO 4516 --- [account-services] [restartedMain] [                                                 ] j.LocalContainerEntityManagerFactoryBean : Initialized JPA EntityManagerFactory for persistence unit 'default'
2025-11-01T21:16:47.828+07:00  WARN 4516 --- [account-services] [restartedMain] [                                                 ] JpaBaseConfiguration$JpaWebConfiguration : spring.jpa.open-in-view is enabled by default. Therefore, database queries may be performed during view rendering. Explicitly configure spring.jpa.open-in-view to disable this warning
2025-11-01T21:16:47.995+07:00  WARN 4516 --- [account-services] [restartedMain] [                                                 ] o.s.b.d.a.OptionalLiveReloadServer       : Unable to start LiveReload server
2025-11-01T21:16:48.156+07:00  INFO 4516 --- [account-services] [restartedMain] [                                                 ] o.s.c.openfeign.FeignClientFactoryBean   : For 'statistic-services' URL not provided. Will try picking an instance via load-balancing.
2025-11-01T21:16:51.137+07:00  INFO 4516 --- [account-services] [restartedMain] [                                                 ] DiscoveryClientOptionalArgsConfiguration : Eureka HTTP Client uses RestTemplate.
2025-11-01T21:16:51.214+07:00  WARN 4516 --- [account-services] [restartedMain] [                                                 ] iguration$LoadBalancerCaffeineWarnLogger : Spring Cloud LoadBalancer is currently working with the default cache. While this cache implementation is useful for development and tests, it's recommended to use Caffeine cache in production.You can switch to using Caffeine cache, by adding it and org.springframework.cache.caffeine.CaffeineCacheManager to the classpath.
2025-11-01T21:16:51.244+07:00  INFO 4516 --- [account-services] [restartedMain] [                                                 ] o.s.b.a.e.web.EndpointLinksResolver      : Exposing 27 endpoints beneath base path '/actuator'
2025-11-01T21:16:51.406+07:00  INFO 4516 --- [account-services] [restartedMain] [                                                 ] o.s.c.n.eureka.InstanceInfoFactory       : Setting initial instance status as: STARTING
2025-11-01T21:16:51.437+07:00  INFO 4516 --- [account-services] [restartedMain] [                                                 ] com.netflix.discovery.DiscoveryClient    : Initializing Eureka in region us-east-1
2025-11-01T21:16:51.441+07:00  INFO 4516 --- [account-services] [restartedMain] [                                                 ] c.n.d.s.r.aws.ConfigClusterResolver      : Resolving eureka endpoints via configuration
2025-11-01T21:16:51.449+07:00  INFO 4516 --- [account-services] [restartedMain] [                                                 ] com.netflix.discovery.DiscoveryClient    : Disable delta property : false
2025-11-01T21:16:51.450+07:00  INFO 4516 --- [account-services] [restartedMain] [                                                 ] com.netflix.discovery.DiscoveryClient    : Single vip registry refresh property : null
2025-11-01T21:16:51.450+07:00  INFO 4516 --- [account-services] [restartedMain] [                                                 ] com.netflix.discovery.DiscoveryClient    : Force full registry fetch : false
2025-11-01T21:16:51.450+07:00  INFO 4516 --- [account-services] [restartedMain] [                                                 ] com.netflix.discovery.DiscoveryClient    : Application is null : false
2025-11-01T21:16:51.450+07:00  INFO 4516 --- [account-services] [restartedMain] [                                                 ] com.netflix.discovery.DiscoveryClient    : Registered Applications size is zero : true
2025-11-01T21:16:51.450+07:00  INFO 4516 --- [account-services] [restartedMain] [                                                 ] com.netflix.discovery.DiscoveryClient    : Application version is -1: true
2025-11-01T21:16:51.450+07:00  INFO 4516 --- [account-services] [restartedMain] [                                                 ] com.netflix.discovery.DiscoveryClient    : Getting all instance registry info from the eureka server
2025-11-01T21:16:51.744+07:00  INFO 4516 --- [account-services] [restartedMain] [                                                 ] com.netflix.discovery.DiscoveryClient    : The response status is 200
2025-11-01T21:16:51.746+07:00  INFO 4516 --- [account-services] [restartedMain] [                                                 ] com.netflix.discovery.DiscoveryClient    : Starting heartbeat executor: renew interval is: 30
2025-11-01T21:16:51.748+07:00  INFO 4516 --- [account-services] [restartedMain] [                                                 ] c.n.discovery.InstanceInfoReplicator     : InstanceInfoReplicator onDemand update allowed rate per min is 4
2025-11-01T21:16:51.749+07:00  INFO 4516 --- [account-services] [restartedMain] [                                                 ] com.netflix.discovery.DiscoveryClient    : Discovery Client initialized at timestamp 1762006611749 with initial instances count: 1
2025-11-01T21:16:51.763+07:00  INFO 4516 --- [account-services] [restartedMain] [                                                 ] o.s.c.n.e.s.EurekaServiceRegistry        : Registering application ACCOUNT-SERVICES with eureka with status UP
2025-11-01T21:16:51.764+07:00  INFO 4516 --- [account-services] [restartedMain] [                                                 ] com.netflix.discovery.DiscoveryClient    : Saw local status change event StatusChangeEvent [timestamp=1762006611764, current=UP, previous=STARTING]
2025-11-01T21:16:51.766+07:00  INFO 4516 --- [account-services] [DiscoveryClient-InstanceInfoReplicator-%d] [                                                 ] com.netflix.discovery.DiscoveryClient    : DiscoveryClient_ACCOUNT-SERVICES/Khanh:account-services:9081: registering service...
2025-11-01T21:16:51.783+07:00  INFO 4516 --- [account-services] [restartedMain] [                                                 ] o.s.b.w.embedded.tomcat.TomcatWebServer  : Tomcat started on port 9081 (http) with context path '/'
2025-11-01T21:16:51.785+07:00  INFO 4516 --- [account-services] [restartedMain] [                                                 ] .s.c.n.e.s.EurekaAutoServiceRegistration : Updating port to 9081
2025-11-01T21:16:51.815+07:00  INFO 4516 --- [account-services] [DiscoveryClient-InstanceInfoReplicator-%d] [                                                 ] com.netflix.discovery.DiscoveryClient    : DiscoveryClient_ACCOUNT-SERVICES/Khanh:account-services:9081 - registration status: 204
2025-11-01T21:16:51.905+07:00  INFO 4516 --- [account-services] [restartedMain] [                                                 ] c.e.a.AccountServicesApplication         : Started AccountServicesApplication in 11.906 seconds (process running for 13.258)
2025-11-01T21:16:52.127+07:00  INFO 4516 --- [account-services] [RMI TCP Connection(3)-26.82.69.187] [                                                 ] o.a.c.c.C.[Tomcat].[localhost].[/]       : Initializing Spring DispatcherServlet 'dispatcherServlet'
2025-11-01T21:16:52.128+07:00  INFO 4516 --- [account-services] [RMI TCP Connection(3)-26.82.69.187] [                                                 ] o.s.web.servlet.DispatcherServlet        : Initializing Servlet 'dispatcherServlet'
2025-11-01T21:16:52.134+07:00  INFO 4516 --- [account-services] [RMI TCP Connection(3)-26.82.69.187] [                                                 ] o.s.web.servlet.DispatcherServlet        : Completed initialization in 5 ms
2025-11-01T21:16:52.811+07:00  WARN 4516 --- [account-services] [AsyncReporter{ZipkinHttpClientSender{http://localhost:9411/api/v2/spans}}] [                                                 ] z.r.i.AsyncReporter$BoundedAsyncReporter : Spans were dropped due to exceptions. All subsequent errors will be logged at FINE level.
2025-11-01T21:16:52.811+07:00  WARN 4516 --- [account-services] [AsyncReporter{ZipkinHttpClientSender{http://localhost:9411/api/v2/spans}}] [                                                 ] z.r.i.AsyncReporter$BoundedAsyncReporter : Dropped 2 spans due to ConnectException()

java.net.ConnectException: null
	at java.net.http/jdk.internal.net.http.HttpClientImpl.send(HttpClientImpl.java:574) ~[java.net.http:na]
	at java.net.http/jdk.internal.net.http.HttpClientFacade.send(HttpClientFacade.java:123) ~[java.net.http:na]
	at org.springframework.boot.actuate.autoconfigure.tracing.zipkin.ZipkinHttpClientSender.postSpans(ZipkinHttpClientSender.java:60) ~[spring-boot-actuator-autoconfigure-3.5.6.jar:3.5.6]
	at org.springframework.boot.actuate.autoconfigure.tracing.zipkin.HttpSender.postSpans(HttpSender.java:69) ~[spring-boot-actuator-autoconfigure-3.5.6.jar:3.5.6]
	at org.springframework.boot.actuate.autoconfigure.tracing.zipkin.HttpSender.postSpans(HttpSender.java:41) ~[spring-boot-actuator-autoconfigure-3.5.6.jar:3.5.6]
	at zipkin2.reporter.BaseHttpSender.send(BaseHttpSender.java:123) ~[zipkin-reporter-3.5.1.jar:na]
	at zipkin2.reporter.internal.AsyncReporter$BoundedAsyncReporter.flush(AsyncReporter.java:266) ~[zipkin-reporter-3.5.1.jar:na]
	at zipkin2.reporter.internal.AsyncReporter$Flusher.run(AsyncReporter.java:352) ~[zipkin-reporter-3.5.1.jar:na]
	at java.base/java.lang.Thread.run(Thread.java:840) ~[na:na]
Caused by: java.net.ConnectException: null
	at java.net.http/jdk.internal.net.http.common.Utils.toConnectException(Utils.java:1107) ~[java.net.http:na]
	at java.net.http/jdk.internal.net.http.PlainHttpConnection.connectAsync(PlainHttpConnection.java:198) ~[java.net.http:na]
	at java.net.http/jdk.internal.net.http.PlainHttpConnection.checkRetryConnect(PlainHttpConnection.java:230) ~[java.net.http:na]
	at java.net.http/jdk.internal.net.http.PlainHttpConnection.lambda$connectAsync$1(PlainHttpConnection.java:206) ~[java.net.http:na]
	at java.base/java.util.concurrent.CompletableFuture.uniHandle(CompletableFuture.java:934) ~[na:na]
	at java.base/java.util.concurrent.CompletableFuture$UniHandle.tryFire(CompletableFuture.java:911) ~[na:na]
	at java.base/java.util.concurrent.CompletableFuture.postComplete(CompletableFuture.java:510) ~[na:na]
	at java.base/java.util.concurrent.CompletableFuture$AsyncSupply.run(CompletableFuture.java:1773) ~[na:na]
	at java.base/java.util.concurrent.ThreadPoolExecutor.runWorker(ThreadPoolExecutor.java:1136) ~[na:na]
	at java.base/java.util.concurrent.ThreadPoolExecutor$Worker.run(ThreadPoolExecutor.java:635) ~[na:na]
	... 1 common frames omitted
Caused by: java.nio.channels.ClosedChannelException: null
	at java.base/sun.nio.ch.SocketChannelImpl.ensureOpen(SocketChannelImpl.java:195) ~[na:na]
	at java.base/sun.nio.ch.SocketChannelImpl.beginConnect(SocketChannelImpl.java:760) ~[na:na]
	at java.base/sun.nio.ch.SocketChannelImpl.connect(SocketChannelImpl.java:848) ~[na:na]
	at java.net.http/jdk.internal.net.http.PlainHttpConnection.lambda$connectAsync$0(PlainHttpConnection.java:183) ~[java.net.http:na]
	at java.base/java.security.AccessController.doPrivileged(AccessController.java:569) ~[na:na]
	at java.net.http/jdk.internal.net.http.PlainHttpConnection.connectAsync(PlainHttpConnection.java:185) ~[java.net.http:na]
	... 9 common frames omitted

2025-11-01T21:20:42.239+07:00  INFO 4516 --- [account-services] [SpringApplicationShutdownHook] [                                                 ] o.s.c.n.e.s.EurekaServiceRegistry        : Unregistering application ACCOUNT-SERVICES with eureka with status DOWN
2025-11-01T21:20:42.240+07:00  INFO 4516 --- [account-services] [SpringApplicationShutdownHook] [                                                 ] com.netflix.discovery.DiscoveryClient    : Saw local status change event StatusChangeEvent [timestamp=1762006842240, current=DOWN, previous=UP]
2025-11-01T21:20:42.242+07:00  INFO 4516 --- [account-services] [DiscoveryClient-InstanceInfoReplicator-%d] [                                                 ] com.netflix.discovery.DiscoveryClient    : DiscoveryClient_ACCOUNT-SERVICES/Khanh:account-services:9081: registering service...
2025-11-01T21:20:42.247+07:00  INFO 4516 --- [account-services] [SpringApplicationShutdownHook] [                                                 ] o.s.b.w.e.tomcat.GracefulShutdown        : Commencing graceful shutdown. Waiting for active requests to complete
2025-11-01T21:20:42.258+07:00  INFO 4516 --- [account-services] [DiscoveryClient-InstanceInfoReplicator-%d] [                                                 ] com.netflix.discovery.DiscoveryClient    : DiscoveryClient_ACCOUNT-SERVICES/Khanh:account-services:9081 - registration status: 204
2025-11-01T21:20:43.199+07:00  INFO 4516 --- [account-services] [tomcat-shutdown] [                                                 ] o.s.b.w.e.tomcat.GracefulShutdown        : Graceful shutdown complete
2025-11-01T21:20:43.340+07:00  INFO 4516 --- [account-services] [SpringApplicationShutdownHook] [                                                 ] j.LocalContainerEntityManagerFactoryBean : Closing JPA EntityManagerFactory for persistence unit 'default'
2025-11-01T21:20:43.355+07:00  INFO 4516 --- [account-services] [SpringApplicationShutdownHook] [                                                 ] com.zaxxer.hikari.HikariDataSource       : HikariPool-1 - Shutdown initiated...
2025-11-01T21:20:43.614+07:00  INFO 4516 --- [account-services] [SpringApplicationShutdownHook] [                                                 ] com.zaxxer.hikari.HikariDataSource       : HikariPool-1 - Shutdown completed.
2025-11-01T21:20:44.005+07:00  INFO 4516 --- [account-services] [SpringApplicationShutdownHook] [                                                 ] com.netflix.discovery.DiscoveryClient    : Shutting down DiscoveryClient ...
2025-11-01T21:20:47.031+07:00  INFO 4516 --- [account-services] [SpringApplicationShutdownHook] [                                                 ] com.netflix.discovery.DiscoveryClient    : Unregistering ...
2025-11-01T21:20:47.046+07:00  INFO 4516 --- [account-services] [SpringApplicationShutdownHook] [                                                 ] com.netflix.discovery.DiscoveryClient    : DiscoveryClient_ACCOUNT-SERVICES/Khanh:account-services:9081 - deregister  status: 200
2025-11-01T21:20:47.047+07:00  INFO 4516 --- [account-services] [SpringApplicationShutdownHook] [                                                 ] com.netflix.discovery.DiscoveryClient    : Completed shut down of DiscoveryClient
2025-11-01T21:26:28.675+07:00  INFO 6532 --- [account-services] [restartedMain] c.e.a.AccountServicesApplication         : Starting AccountServicesApplication using Java 17.0.16 with PID 6532 (D:\c1024l1_jv103_spring_cloud\account-services\build\classes\java\main started by Admin in D:\c1024l1_jv103_spring_cloud\account-services)
2025-11-01T21:26:28.679+07:00  INFO 6532 --- [account-services] [restartedMain] c.e.a.AccountServicesApplication         : No active profile set, falling back to 1 default profile: "default"
2025-11-01T21:26:28.782+07:00  INFO 6532 --- [account-services] [restartedMain] o.s.c.c.c.ConfigServerConfigDataLoader   : Fetching config from server at : http://localhost:8888
2025-11-01T21:26:28.782+07:00  INFO 6532 --- [account-services] [restartedMain] o.s.c.c.c.ConfigServerConfigDataLoader   : Located environment: name=account-services, profiles=[default], label=null, version=null, state=null
2025-11-01T21:26:28.786+07:00  INFO 6532 --- [account-services] [restartedMain] .e.DevToolsPropertyDefaultsPostProcessor : Devtools property defaults active! Set 'spring.devtools.add-properties' to 'false' to disable
2025-11-01T21:26:28.786+07:00  INFO 6532 --- [account-services] [restartedMain] .e.DevToolsPropertyDefaultsPostProcessor : For additional web related logging consider setting the 'logging.level.web' property to 'DEBUG'
2025-11-01T21:26:31.103+07:00  INFO 6532 --- [account-services] [restartedMain] .s.d.r.c.RepositoryConfigurationDelegate : Bootstrapping Spring Data JPA repositories in DEFAULT mode.
2025-11-01T21:26:31.402+07:00  INFO 6532 --- [account-services] [restartedMain] .s.d.r.c.RepositoryConfigurationDelegate : Finished Spring Data repository scanning in 264 ms. Found 1 JPA repository interface.
2025-11-01T21:26:31.939+07:00  INFO 6532 --- [account-services] [restartedMain] o.s.cloud.context.scope.GenericScope     : BeanFactory id=f70ad0fd-e111-389f-8793-ff93e913b157
2025-11-01T21:26:33.413+07:00  INFO 6532 --- [account-services] [restartedMain] o.s.b.w.embedded.tomcat.TomcatWebServer  : Tomcat initialized with port 9081 (http)
2025-11-01T21:26:33.440+07:00  INFO 6532 --- [account-services] [restartedMain] o.apache.catalina.core.StandardService   : Starting service [Tomcat]
2025-11-01T21:26:33.441+07:00  INFO 6532 --- [account-services] [restartedMain] o.apache.catalina.core.StandardEngine    : Starting Servlet engine: [Apache Tomcat/10.1.46]
2025-11-01T21:26:33.569+07:00  INFO 6532 --- [account-services] [restartedMain] o.a.c.c.C.[Tomcat].[localhost].[/]       : Initializing Spring embedded WebApplicationContext
2025-11-01T21:26:33.569+07:00  INFO 6532 --- [account-services] [restartedMain] w.s.c.ServletWebServerApplicationContext : Root WebApplicationContext: initialization completed in 4782 ms
2025-11-01T21:26:34.859+07:00  INFO 6532 --- [account-services] [restartedMain] com.zaxxer.hikari.HikariDataSource       : HikariPool-1 - Starting...
2025-11-01T21:26:35.142+07:00  INFO 6532 --- [account-services] [restartedMain] com.zaxxer.hikari.pool.HikariPool        : HikariPool-1 - Added connection com.mysql.cj.jdbc.ConnectionImpl@1aa9ca80
2025-11-01T21:26:35.144+07:00  INFO 6532 --- [account-services] [restartedMain] com.zaxxer.hikari.HikariDataSource       : HikariPool-1 - Start completed.
2025-11-01T21:26:35.202+07:00  INFO 6532 --- [account-services] [restartedMain] o.hibernate.jpa.internal.util.LogHelper  : HHH000204: Processing PersistenceUnitInfo [name: default]
2025-11-01T21:26:35.331+07:00  INFO 6532 --- [account-services] [restartedMain] org.hibernate.Version                    : HHH000412: Hibernate ORM core version 6.6.29.Final
2025-11-01T21:26:35.395+07:00  INFO 6532 --- [account-services] [restartedMain] o.h.c.internal.RegionFactoryInitiator    : HHH000026: Second-level cache disabled
2025-11-01T21:26:35.774+07:00  INFO 6532 --- [account-services] [restartedMain] o.s.o.j.p.SpringPersistenceUnitInfo      : No LoadTimeWeaver setup: ignoring JPA class transformer
2025-11-01T21:26:35.861+07:00  WARN 6532 --- [account-services] [restartedMain] org.hibernate.orm.deprecation            : HHH90000025: MySQL8Dialect does not need to be specified explicitly using 'hibernate.dialect' (remove the property setting and it will be selected by default)
2025-11-01T21:26:35.863+07:00  WARN 6532 --- [account-services] [restartedMain] org.hibernate.orm.deprecation            : HHH90000026: MySQL8Dialect has been deprecated; use org.hibernate.dialect.MySQLDialect instead
2025-11-01T21:26:35.876+07:00  INFO 6532 --- [account-services] [restartedMain] org.hibernate.orm.connections.pooling    : HHH10001005: Database info:
	Database JDBC URL [Connecting through datasource 'HikariDataSource (HikariPool-1)']
	Database driver: undefined/unknown
	Database version: 8.0
	Autocommit mode: undefined/unknown
	Isolation level: undefined/unknown
	Minimum pool size: undefined/unknown
	Maximum pool size: undefined/unknown
2025-11-01T21:26:37.001+07:00  INFO 6532 --- [account-services] [restartedMain] o.h.e.t.j.p.i.JtaPlatformInitiator       : HHH000489: No JTA platform available (set 'hibernate.transaction.jta.platform' to enable JTA platform integration)
2025-11-01T21:26:37.071+07:00  INFO 6532 --- [account-services] [restartedMain] j.LocalContainerEntityManagerFactoryBean : Initialized JPA EntityManagerFactory for persistence unit 'default'
2025-11-01T21:26:37.753+07:00  WARN 6532 --- [account-services] [restartedMain] JpaBaseConfiguration$JpaWebConfiguration : spring.jpa.open-in-view is enabled by default. Therefore, database queries may be performed during view rendering. Explicitly configure spring.jpa.open-in-view to disable this warning
2025-11-01T21:26:37.959+07:00  WARN 6532 --- [account-services] [restartedMain] o.s.b.d.a.OptionalLiveReloadServer       : Unable to start LiveReload server
2025-11-01T21:26:38.130+07:00  INFO 6532 --- [account-services] [restartedMain] o.s.c.openfeign.FeignClientFactoryBean   : For 'statistic-services' URL not provided. Will try picking an instance via load-balancing.
2025-11-01T21:26:40.773+07:00  INFO 6532 --- [account-services] [restartedMain] DiscoveryClientOptionalArgsConfiguration : Eureka HTTP Client uses RestTemplate.
2025-11-01T21:26:40.851+07:00  WARN 6532 --- [account-services] [restartedMain] iguration$LoadBalancerCaffeineWarnLogger : Spring Cloud LoadBalancer is currently working with the default cache. While this cache implementation is useful for development and tests, it's recommended to use Caffeine cache in production.You can switch to using Caffeine cache, by adding it and org.springframework.cache.caffeine.CaffeineCacheManager to the classpath.
2025-11-01T21:26:40.880+07:00  INFO 6532 --- [account-services] [restartedMain] o.s.b.a.e.web.EndpointLinksResolver      : Exposing 27 endpoints beneath base path '/actuator'
2025-11-01T21:26:41.036+07:00  INFO 6532 --- [account-services] [restartedMain] o.s.c.n.eureka.InstanceInfoFactory       : Setting initial instance status as: STARTING
2025-11-01T21:26:41.061+07:00  INFO 6532 --- [account-services] [restartedMain] com.netflix.discovery.DiscoveryClient    : Initializing Eureka in region us-east-1
2025-11-01T21:26:41.065+07:00  INFO 6532 --- [account-services] [restartedMain] c.n.d.s.r.aws.ConfigClusterResolver      : Resolving eureka endpoints via configuration
2025-11-01T21:26:41.074+07:00  INFO 6532 --- [account-services] [restartedMain] com.netflix.discovery.DiscoveryClient    : Disable delta property : false
2025-11-01T21:26:41.074+07:00  INFO 6532 --- [account-services] [restartedMain] com.netflix.discovery.DiscoveryClient    : Single vip registry refresh property : null
2025-11-01T21:26:41.075+07:00  INFO 6532 --- [account-services] [restartedMain] com.netflix.discovery.DiscoveryClient    : Force full registry fetch : false
2025-11-01T21:26:41.075+07:00  INFO 6532 --- [account-services] [restartedMain] com.netflix.discovery.DiscoveryClient    : Application is null : false
2025-11-01T21:26:41.075+07:00  INFO 6532 --- [account-services] [restartedMain] com.netflix.discovery.DiscoveryClient    : Registered Applications size is zero : true
2025-11-01T21:26:41.075+07:00  INFO 6532 --- [account-services] [restartedMain] com.netflix.discovery.DiscoveryClient    : Application version is -1: true
2025-11-01T21:26:41.075+07:00  INFO 6532 --- [account-services] [restartedMain] com.netflix.discovery.DiscoveryClient    : Getting all instance registry info from the eureka server
2025-11-01T21:26:41.357+07:00  INFO 6532 --- [account-services] [restartedMain] com.netflix.discovery.DiscoveryClient    : The response status is 200
2025-11-01T21:26:41.360+07:00  INFO 6532 --- [account-services] [restartedMain] com.netflix.discovery.DiscoveryClient    : Starting heartbeat executor: renew interval is: 30
2025-11-01T21:26:41.362+07:00  INFO 6532 --- [account-services] [restartedMain] c.n.discovery.InstanceInfoReplicator     : InstanceInfoReplicator onDemand update allowed rate per min is 4
2025-11-01T21:26:41.363+07:00  INFO 6532 --- [account-services] [restartedMain] com.netflix.discovery.DiscoveryClient    : Discovery Client initialized at timestamp 1762007201363 with initial instances count: 1
2025-11-01T21:26:41.379+07:00  INFO 6532 --- [account-services] [restartedMain] o.s.c.n.e.s.EurekaServiceRegistry        : Registering application ACCOUNT-SERVICES with eureka with status UP
2025-11-01T21:26:41.380+07:00  INFO 6532 --- [account-services] [restartedMain] com.netflix.discovery.DiscoveryClient    : Saw local status change event StatusChangeEvent [timestamp=1762007201380, current=UP, previous=STARTING]
2025-11-01T21:26:41.380+07:00  INFO 6532 --- [account-services] [DiscoveryClient-InstanceInfoReplicator-%d] com.netflix.discovery.DiscoveryClient    : DiscoveryClient_ACCOUNT-SERVICES/Khanh:account-services:9081: registering service...
2025-11-01T21:26:41.400+07:00  INFO 6532 --- [account-services] [restartedMain] o.s.b.w.embedded.tomcat.TomcatWebServer  : Tomcat started on port 9081 (http) with context path '/'
2025-11-01T21:26:41.401+07:00  INFO 6532 --- [account-services] [restartedMain] .s.c.n.e.s.EurekaAutoServiceRegistration : Updating port to 9081
2025-11-01T21:26:41.433+07:00  INFO 6532 --- [account-services] [DiscoveryClient-InstanceInfoReplicator-%d] com.netflix.discovery.DiscoveryClient    : DiscoveryClient_ACCOUNT-SERVICES/Khanh:account-services:9081 - registration status: 204
2025-11-01T21:26:41.523+07:00  INFO 6532 --- [account-services] [restartedMain] c.e.a.AccountServicesApplication         : Started AccountServicesApplication in 14.217 seconds (process running for 16.688)
2025-11-01T21:26:42.145+07:00  INFO 6532 --- [account-services] [RMI TCP Connection(1)-26.82.69.187] o.a.c.c.C.[Tomcat].[localhost].[/]       : Initializing Spring DispatcherServlet 'dispatcherServlet'
2025-11-01T21:26:42.145+07:00  INFO 6532 --- [account-services] [RMI TCP Connection(1)-26.82.69.187] o.s.web.servlet.DispatcherServlet        : Initializing Servlet 'dispatcherServlet'
2025-11-01T21:26:42.149+07:00  INFO 6532 --- [account-services] [RMI TCP Connection(1)-26.82.69.187] o.s.web.servlet.DispatcherServlet        : Completed initialization in 3 ms
2025-11-01T21:27:11.834+07:00  INFO 6532 --- [account-services] [http-nio-9081-exec-7] o.springdoc.api.AbstractOpenApiResource  : Init duration for springdoc-openapi is: 591 ms
2025-11-01T21:28:28.068+07:00 DEBUG 6532 --- [account-services] [http-nio-9081-exec-6] org.hibernate.SQL                        : 
    insert 
    into
        account
        (name, password, username) 
    values
        (?, ?, ?)
2025-11-01T21:28:28.171+07:00 DEBUG 6532 --- [account-services] [http-nio-9081-exec-6] org.hibernate.SQL                        : 
    insert 
    into
        user_role
        (account_id, role) 
    values
        (?, ?)
2025-11-01T21:28:28.354+07:00  WARN 6532 --- [account-services] [pool-2-thread-1] o.s.c.l.core.RoundRobinLoadBalancer      : No servers available for service: statistic-services
2025-11-01T21:28:28.371+07:00  WARN 6532 --- [account-services] [pool-2-thread-1] RetryableFeignBlockingLoadBalancerClient : Service instance was not resolved, executing the original request
2025-11-01T21:28:29.652+07:00 ERROR 6532 --- [account-services] [http-nio-9081-exec-6] c.e.a.client.impl.StatisticServiceImpl   : Statistic service is slow
2025-11-01T21:28:29.685+07:00 ERROR 6532 --- [account-services] [http-nio-9081-exec-6] c.e.a.c.impl.NotificationServiceImpl     : Sending notification not fount
2025-11-01T21:30:44.748+07:00  INFO 6532 --- [account-services] [SpringApplicationShutdownHook] o.s.c.n.e.s.EurekaServiceRegistry        : Unregistering application ACCOUNT-SERVICES with eureka with status DOWN
2025-11-01T21:30:44.749+07:00  INFO 6532 --- [account-services] [SpringApplicationShutdownHook] com.netflix.discovery.DiscoveryClient    : Saw local status change event StatusChangeEvent [timestamp=1762007444749, current=DOWN, previous=UP]
2025-11-01T21:30:44.749+07:00  INFO 6532 --- [account-services] [DiscoveryClient-InstanceInfoReplicator-%d] com.netflix.discovery.DiscoveryClient    : DiscoveryClient_ACCOUNT-SERVICES/Khanh:account-services:9081: registering service...
2025-11-01T21:30:44.753+07:00  INFO 6532 --- [account-services] [SpringApplicationShutdownHook] o.s.b.w.e.tomcat.GracefulShutdown        : Commencing graceful shutdown. Waiting for active requests to complete
2025-11-01T21:30:44.757+07:00  INFO 6532 --- [account-services] [DiscoveryClient-InstanceInfoReplicator-%d] com.netflix.discovery.DiscoveryClient    : DiscoveryClient_ACCOUNT-SERVICES/Khanh:account-services:9081 - registration status: 204
2025-11-01T21:30:44.809+07:00  INFO 6532 --- [account-services] [tomcat-shutdown] o.s.b.w.e.tomcat.GracefulShutdown        : Graceful shutdown complete
2025-11-01T21:30:44.821+07:00  INFO 6532 --- [account-services] [SpringApplicationShutdownHook] j.LocalContainerEntityManagerFactoryBean : Closing JPA EntityManagerFactory for persistence unit 'default'
2025-11-01T21:30:44.825+07:00  INFO 6532 --- [account-services] [SpringApplicationShutdownHook] com.zaxxer.hikari.HikariDataSource       : HikariPool-1 - Shutdown initiated...
2025-11-01T21:30:44.831+07:00  INFO 6532 --- [account-services] [SpringApplicationShutdownHook] com.zaxxer.hikari.HikariDataSource       : HikariPool-1 - Shutdown completed.
2025-11-01T21:30:44.832+07:00  INFO 6532 --- [account-services] [SpringApplicationShutdownHook] com.netflix.discovery.DiscoveryClient    : Shutting down DiscoveryClient ...
2025-11-01T21:30:47.841+07:00  INFO 6532 --- [account-services] [SpringApplicationShutdownHook] com.netflix.discovery.DiscoveryClient    : Unregistering ...
2025-11-01T21:30:47.871+07:00  INFO 6532 --- [account-services] [SpringApplicationShutdownHook] com.netflix.discovery.DiscoveryClient    : DiscoveryClient_ACCOUNT-SERVICES/Khanh:account-services:9081 - deregister  status: 200
2025-11-01T21:30:47.873+07:00  INFO 6532 --- [account-services] [SpringApplicationShutdownHook] com.netflix.discovery.DiscoveryClient    : Completed shut down of DiscoveryClient
