2025-10-18T11:26:54.680+07:00  INFO 24188 --- [discovery-services] [restartedMain] c.e.d.DiscoveryServicesApplication       : Starting DiscoveryServicesApplication using Java 17.0.16 with PID 24188 (D:\c1024l1_jv103_spring_cloud\discovery-services\build\classes\java\main started by Admin in D:\c1024l1_jv103_spring_cloud\discovery-services)
2025-10-18T11:26:54.685+07:00  INFO 24188 --- [discovery-services] [restartedMain] c.e.d.DiscoveryServicesApplication       : No active profile set, falling back to 1 default profile: "default"
2025-10-18T11:26:54.809+07:00  INFO 24188 --- [discovery-services] [restartedMain] o.s.c.c.c.ConfigServerConfigDataLoader   : Fetching config from server at : http://localhost:8888
2025-10-18T11:26:54.810+07:00  INFO 24188 --- [discovery-services] [restartedMain] o.s.c.c.c.ConfigServerConfigDataLoader   : Located environment: name=discovery-services, profiles=[default], label=null, version=null, state=null
2025-10-18T11:26:54.870+07:00  INFO 24188 --- [discovery-services] [restartedMain] .e.DevToolsPropertyDefaultsPostProcessor : Devtools property defaults active! Set 'spring.devtools.add-properties' to 'false' to disable
2025-10-18T11:26:54.872+07:00  INFO 24188 --- [discovery-services] [restartedMain] .e.DevToolsPropertyDefaultsPostProcessor : For additional web related logging consider setting the 'logging.level.web' property to 'DEBUG'
2025-10-18T11:27:00.362+07:00  INFO 24188 --- [discovery-services] [restartedMain] o.s.cloud.context.scope.GenericScope     : BeanFactory id=9fdc3a97-4dbe-3720-9c98-ebf6f02922c8
2025-10-18T11:27:02.280+07:00  INFO 24188 --- [discovery-services] [restartedMain] o.s.b.w.embedded.tomcat.TomcatWebServer  : Tomcat initialized with port 9999 (http)
2025-10-18T11:27:02.325+07:00  INFO 24188 --- [discovery-services] [restartedMain] o.apache.catalina.core.StandardService   : Starting service [Tomcat]
2025-10-18T11:27:02.326+07:00  INFO 24188 --- [discovery-services] [restartedMain] o.apache.catalina.core.StandardEngine    : Starting Servlet engine: [Apache Tomcat/10.1.46]
2025-10-18T11:27:02.583+07:00  INFO 24188 --- [discovery-services] [restartedMain] o.a.c.c.C.[Tomcat].[localhost].[/]       : Initializing Spring embedded WebApplicationContext
2025-10-18T11:27:02.593+07:00  INFO 24188 --- [discovery-services] [restartedMain] w.s.c.ServletWebServerApplicationContext : Root WebApplicationContext: initialization completed in 7720 ms
2025-10-18T11:27:07.082+07:00  INFO 24188 --- [discovery-services] [restartedMain] c.n.d.provider.DiscoveryJerseyProvider   : Using JSON encoding codec LegacyJacksonJson
2025-10-18T11:27:07.085+07:00  INFO 24188 --- [discovery-services] [restartedMain] c.n.d.provider.DiscoveryJerseyProvider   : Using JSON decoding codec LegacyJacksonJson
2025-10-18T11:27:07.930+07:00  INFO 24188 --- [discovery-services] [restartedMain] c.n.d.provider.DiscoveryJerseyProvider   : Using XML encoding codec XStreamXml
2025-10-18T11:27:07.931+07:00  INFO 24188 --- [discovery-services] [restartedMain] c.n.d.provider.DiscoveryJerseyProvider   : Using XML decoding codec XStreamXml
2025-10-18T11:27:10.141+07:00  INFO 24188 --- [discovery-services] [restartedMain] o.s.v.b.OptionalValidatorFactoryBean     : Failed to set up a Bean Validation provider: jakarta.validation.NoProviderFoundException: Unable to create a Configuration, because no Jakarta Bean Validation provider could be found. Add a provider like Hibernate Validator (RI) to your classpath.
2025-10-18T11:27:16.747+07:00  WARN 24188 --- [discovery-services] [restartedMain] o.s.b.d.a.OptionalLiveReloadServer       : Unable to start LiveReload server
2025-10-18T11:27:20.157+07:00  WARN 24188 --- [discovery-services] [restartedMain] iguration$LoadBalancerCaffeineWarnLogger : Spring Cloud LoadBalancer is currently working with the default cache. While this cache implementation is useful for development and tests, it's recommended to use Caffeine cache in production.You can switch to using Caffeine cache, by adding it and org.springframework.cache.caffeine.CaffeineCacheManager to the classpath.
2025-10-18T11:27:20.281+07:00  INFO 24188 --- [discovery-services] [restartedMain] o.s.c.n.eureka.InstanceInfoFactory       : Setting initial instance status as: STARTING
2025-10-18T11:27:20.521+07:00  INFO 24188 --- [discovery-services] [restartedMain] com.netflix.discovery.DiscoveryClient    : Initializing Eureka in region us-east-1
2025-10-18T11:27:20.522+07:00  INFO 24188 --- [discovery-services] [restartedMain] com.netflix.discovery.DiscoveryClient    : Client configured to neither register nor query for data.
2025-10-18T11:27:20.526+07:00  INFO 24188 --- [discovery-services] [restartedMain] com.netflix.discovery.DiscoveryClient    : Discovery Client initialized at timestamp 1760761640525 with initial instances count: 0
2025-10-18T11:27:20.691+07:00  INFO 24188 --- [discovery-services] [restartedMain] c.n.eureka.DefaultEurekaServerContext    : Initializing ...
2025-10-18T11:27:20.695+07:00  INFO 24188 --- [discovery-services] [restartedMain] c.n.eureka.cluster.PeerEurekaNodes       : Adding new peer nodes [http://localhost:9999/eureka/]
2025-10-18T11:27:21.406+07:00  INFO 24188 --- [discovery-services] [restartedMain] c.n.d.provider.DiscoveryJerseyProvider   : Using JSON encoding codec LegacyJacksonJson
2025-10-18T11:27:21.407+07:00  INFO 24188 --- [discovery-services] [restartedMain] c.n.d.provider.DiscoveryJerseyProvider   : Using JSON decoding codec LegacyJacksonJson
2025-10-18T11:27:21.407+07:00  INFO 24188 --- [discovery-services] [restartedMain] c.n.d.provider.DiscoveryJerseyProvider   : Using XML encoding codec XStreamXml
2025-10-18T11:27:21.408+07:00  INFO 24188 --- [discovery-services] [restartedMain] c.n.d.provider.DiscoveryJerseyProvider   : Using XML decoding codec XStreamXml
2025-10-18T11:27:21.520+07:00  INFO 24188 --- [discovery-services] [restartedMain] c.n.eureka.cluster.PeerEurekaNodes       : Replica node URL:  http://localhost:9999/eureka/
2025-10-18T11:27:21.569+07:00  INFO 24188 --- [discovery-services] [restartedMain] c.n.e.registry.AbstractInstanceRegistry  : Finished initializing remote region registries. All known remote regions: []
2025-10-18T11:27:21.570+07:00  INFO 24188 --- [discovery-services] [restartedMain] c.n.eureka.DefaultEurekaServerContext    : Initialized
2025-10-18T11:27:21.591+07:00  INFO 24188 --- [discovery-services] [restartedMain] o.s.b.a.e.web.EndpointLinksResolver      : Exposing 17 endpoints beneath base path '/actuator'
2025-10-18T11:27:21.838+07:00  INFO 24188 --- [discovery-services] [restartedMain] o.s.c.n.e.s.EurekaServiceRegistry        : Registering application DISCOVERY-SERVICES with eureka with status UP
2025-10-18T11:27:21.867+07:00  INFO 24188 --- [discovery-services] [Thread-13] o.s.c.n.e.server.EurekaServerBootstrap   : isAws returned false
2025-10-18T11:27:21.868+07:00  INFO 24188 --- [discovery-services] [Thread-13] o.s.c.n.e.server.EurekaServerBootstrap   : Initialized server context
2025-10-18T11:27:21.870+07:00  INFO 24188 --- [discovery-services] [Thread-13] c.n.e.r.PeerAwareInstanceRegistryImpl    : Got 1 instances from neighboring DS node
2025-10-18T11:27:21.871+07:00  INFO 24188 --- [discovery-services] [Thread-13] c.n.e.r.PeerAwareInstanceRegistryImpl    : Renew threshold is: 1
2025-10-18T11:27:21.874+07:00  INFO 24188 --- [discovery-services] [Thread-13] c.n.e.r.PeerAwareInstanceRegistryImpl    : Changing status to UP
2025-10-18T11:27:21.880+07:00  INFO 24188 --- [discovery-services] [Thread-13] e.s.EurekaServerInitializerConfiguration : Started Eureka Server
2025-10-18T11:27:22.047+07:00  INFO 24188 --- [discovery-services] [restartedMain] o.s.b.w.embedded.tomcat.TomcatWebServer  : Tomcat started on port 9999 (http) with context path '/'
2025-10-18T11:27:22.052+07:00  INFO 24188 --- [discovery-services] [restartedMain] .s.c.n.e.s.EurekaAutoServiceRegistration : Updating port to 9999
2025-10-18T11:27:24.661+07:00  INFO 24188 --- [discovery-services] [restartedMain] c.e.d.DiscoveryServicesApplication       : Started DiscoveryServicesApplication in 38.126 seconds (process running for 45.626)
2025-10-18T11:27:25.492+07:00  INFO 24188 --- [discovery-services] [RMI TCP Connection(1)-26.82.69.187] o.a.c.c.C.[Tomcat].[localhost].[/]       : Initializing Spring DispatcherServlet 'dispatcherServlet'
2025-10-18T11:27:25.496+07:00  INFO 24188 --- [discovery-services] [RMI TCP Connection(1)-26.82.69.187] o.s.web.servlet.DispatcherServlet        : Initializing Servlet 'dispatcherServlet'
2025-10-18T11:27:25.501+07:00  INFO 24188 --- [discovery-services] [RMI TCP Connection(1)-26.82.69.187] o.s.web.servlet.DispatcherServlet        : Completed initialization in 5 ms
2025-10-18T11:27:29.667+07:00  WARN 24188 --- [discovery-services] [http-nio-9999-exec-7] c.n.e.registry.AbstractInstanceRegistry  : DS: Registry: lease doesn't exist, registering resource: ACCOUNT-SERVICES - Khanh:account-services:9081
2025-10-18T11:27:29.668+07:00  WARN 24188 --- [discovery-services] [http-nio-9999-exec-7] c.n.eureka.resources.InstanceResource    : Not Found (Renew): ACCOUNT-SERVICES - Khanh:account-services:9081
2025-10-18T11:27:29.772+07:00  INFO 24188 --- [discovery-services] [http-nio-9999-exec-2] c.n.e.registry.AbstractInstanceRegistry  : Registered instance ACCOUNT-SERVICES/Khanh:account-services:9081 with status UP (replication=false)
2025-10-18T11:27:30.072+07:00  INFO 24188 --- [discovery-services] [http-nio-9999-exec-6] c.n.e.registry.AbstractInstanceRegistry  : Registered instance ACCOUNT-SERVICES/Khanh:account-services:9081 with status UP (replication=false)
2025-10-18T11:27:31.144+07:00  INFO 24188 --- [discovery-services] [http-nio-9999-exec-10] c.n.e.registry.AbstractInstanceRegistry  : Registered instance ACCOUNT-SERVICES/Khanh:account-services:9081 with status UP (replication=true)
2025-10-18T11:27:36.349+07:00  WARN 24188 --- [discovery-services] [http-nio-9999-exec-4] c.n.e.registry.AbstractInstanceRegistry  : DS: Registry: lease doesn't exist, registering resource: STATISTIC-SERVICES - Khanh:statistic-services:9085
2025-10-18T11:27:36.349+07:00  WARN 24188 --- [discovery-services] [http-nio-9999-exec-4] c.n.eureka.resources.InstanceResource    : Not Found (Renew): STATISTIC-SERVICES - Khanh:statistic-services:9085
2025-10-18T11:27:36.424+07:00  INFO 24188 --- [discovery-services] [http-nio-9999-exec-5] c.n.e.registry.AbstractInstanceRegistry  : Registered instance STATISTIC-SERVICES/Khanh:statistic-services:9085 with status UP (replication=false)
2025-10-18T11:27:36.946+07:00  INFO 24188 --- [discovery-services] [http-nio-9999-exec-8] c.n.e.registry.AbstractInstanceRegistry  : Registered instance STATISTIC-SERVICES/Khanh:statistic-services:9085 with status UP (replication=true)
2025-10-18T11:28:21.876+07:00  INFO 24188 --- [discovery-services] [Eureka-EvictionTimer] c.n.e.registry.AbstractInstanceRegistry  : Running the evict task with compensationTime 0ms
2025-10-18T11:29:21.877+07:00  INFO 24188 --- [discovery-services] [Eureka-EvictionTimer] c.n.e.registry.AbstractInstanceRegistry  : Running the evict task with compensationTime 1ms
2025-10-18T11:29:31.057+07:00 ERROR 24188 --- [discovery-services] [TaskBatchingWorker-target_localhost-10] c.n.e.cluster.ReplicationTaskProcessor   : It seems to be a socket read timeout exception, it will retry later. if it continues to happen and some eureka node occupied all the cpu time, you should set property 'eureka.server.peer-node-read-timeout-ms' to a bigger value

jakarta.ws.rs.ProcessingException: java.net.SocketTimeoutException: Read timed out
	at org.glassfish.jersey.apache.connector.ApacheConnector.apply(ApacheConnector.java:534) ~[jersey-apache-connector-3.1.11.jar:na]
	at org.glassfish.jersey.client.ClientRuntime.invoke(ClientRuntime.java:300) ~[jersey-client-3.1.11.jar:na]
	at org.glassfish.jersey.client.JerseyInvocation.lambda$invoke$0(JerseyInvocation.java:674) ~[jersey-client-3.1.11.jar:na]
	at org.glassfish.jersey.client.JerseyInvocation.call(JerseyInvocation.java:709) ~[jersey-client-3.1.11.jar:na]
	at org.glassfish.jersey.client.JerseyInvocation.lambda$runInScope$3(JerseyInvocation.java:703) ~[jersey-client-3.1.11.jar:na]
	at org.glassfish.jersey.internal.Errors.process(Errors.java:292) ~[jersey-common-3.1.11.jar:na]
	at org.glassfish.jersey.internal.Errors.process(Errors.java:274) ~[jersey-common-3.1.11.jar:na]
	at org.glassfish.jersey.internal.Errors.process(Errors.java:205) ~[jersey-common-3.1.11.jar:na]
	at org.glassfish.jersey.process.internal.RequestScope.runInScope(RequestScope.java:391) ~[jersey-common-3.1.11.jar:na]
	at org.glassfish.jersey.client.JerseyInvocation.runInScope(JerseyInvocation.java:703) ~[jersey-client-3.1.11.jar:na]
	at org.glassfish.jersey.client.JerseyInvocation.invoke(JerseyInvocation.java:673) ~[jersey-client-3.1.11.jar:na]
	at org.glassfish.jersey.client.JerseyInvocation$Builder.method(JerseyInvocation.java:439) ~[jersey-client-3.1.11.jar:na]
	at org.glassfish.jersey.client.JerseyInvocation$Builder.post(JerseyInvocation.java:345) ~[jersey-client-3.1.11.jar:na]
	at com.netflix.eureka.transport.Jersey3ReplicationClient.submitBatchUpdates(Jersey3ReplicationClient.java:116) ~[eureka-core-jersey3-2.0.4.jar:2.0.4]
	at com.netflix.eureka.cluster.ReplicationTaskProcessor.process(ReplicationTaskProcessor.java:80) ~[eureka-core-2.0.4.jar:2.0.4]
	at com.netflix.eureka.util.batcher.TaskExecutors$BatchWorkerRunnable.run(TaskExecutors.java:178) ~[eureka-core-2.0.4.jar:2.0.4]
	at java.base/java.lang.Thread.run(Thread.java:840) ~[na:na]
Caused by: java.net.SocketTimeoutException: Read timed out
	at java.base/sun.nio.ch.NioSocketImpl.timedRead(NioSocketImpl.java:288) ~[na:na]
	at java.base/sun.nio.ch.NioSocketImpl.implRead(NioSocketImpl.java:314) ~[na:na]
	at java.base/sun.nio.ch.NioSocketImpl.read(NioSocketImpl.java:355) ~[na:na]
	at java.base/sun.nio.ch.NioSocketImpl$1.read(NioSocketImpl.java:808) ~[na:na]
	at java.base/java.net.Socket$SocketInputStream.read(Socket.java:966) ~[na:na]
	at org.apache.http.impl.io.SessionInputBufferImpl.streamRead(SessionInputBufferImpl.java:137) ~[httpcore-4.4.16.jar:4.4.16]
	at org.apache.http.impl.io.SessionInputBufferImpl.fillBuffer(SessionInputBufferImpl.java:153) ~[httpcore-4.4.16.jar:4.4.16]
	at org.apache.http.impl.io.SessionInputBufferImpl.readLine(SessionInputBufferImpl.java:280) ~[httpcore-4.4.16.jar:4.4.16]
	at org.apache.http.impl.conn.DefaultHttpResponseParser.parseHead(DefaultHttpResponseParser.java:138) ~[httpclient-4.5.14.jar:4.5.14]
	at org.apache.http.impl.conn.DefaultHttpResponseParser.parseHead(DefaultHttpResponseParser.java:56) ~[httpclient-4.5.14.jar:4.5.14]
	at org.apache.http.impl.io.AbstractMessageParser.parse(AbstractMessageParser.java:259) ~[httpcore-4.4.16.jar:4.4.16]
	at org.apache.http.impl.DefaultBHttpClientConnection.receiveResponseHeader(DefaultBHttpClientConnection.java:163) ~[httpcore-4.4.16.jar:4.4.16]
	at org.apache.http.impl.conn.CPoolProxy.receiveResponseHeader(CPoolProxy.java:157) ~[httpclient-4.5.14.jar:4.5.14]
	at org.apache.http.protocol.HttpRequestExecutor.doReceiveResponse(HttpRequestExecutor.java:273) ~[httpcore-4.4.16.jar:4.4.16]
	at org.apache.http.protocol.HttpRequestExecutor.execute(HttpRequestExecutor.java:125) ~[httpcore-4.4.16.jar:4.4.16]
	at org.apache.http.impl.execchain.MainClientExec.execute(MainClientExec.java:272) ~[httpclient-4.5.14.jar:4.5.14]
	at org.apache.http.impl.execchain.ProtocolExec.execute(ProtocolExec.java:186) ~[httpclient-4.5.14.jar:4.5.14]
	at org.apache.http.impl.execchain.RetryExec.execute(RetryExec.java:89) ~[httpclient-4.5.14.jar:4.5.14]
	at org.apache.http.impl.execchain.RedirectExec.execute(RedirectExec.java:110) ~[httpclient-4.5.14.jar:4.5.14]
	at org.apache.http.impl.client.InternalHttpClient.doExecute(InternalHttpClient.java:185) ~[httpclient-4.5.14.jar:4.5.14]
	at org.apache.http.impl.client.CloseableHttpClient.execute(CloseableHttpClient.java:72) ~[httpclient-4.5.14.jar:4.5.14]
	at org.glassfish.jersey.apache.connector.ApacheConnector.apply(ApacheConnector.java:486) ~[jersey-apache-connector-3.1.11.jar:na]
	... 16 common frames omitted

2025-10-18T11:30:21.882+07:00  INFO 24188 --- [discovery-services] [Eureka-EvictionTimer] c.n.e.registry.AbstractInstanceRegistry  : Running the evict task with compensationTime 4ms
2025-10-18T11:31:21.919+07:00  INFO 24188 --- [discovery-services] [Eureka-EvictionTimer] c.n.e.registry.AbstractInstanceRegistry  : Running the evict task with compensationTime 37ms
2025-10-18T11:32:21.923+07:00  INFO 24188 --- [discovery-services] [Eureka-EvictionTimer] c.n.e.registry.AbstractInstanceRegistry  : Running the evict task with compensationTime 4ms
2025-10-18T11:33:21.782+07:00  INFO 24188 --- [discovery-services] [SpringApplicationShutdownHook] o.s.c.n.e.s.EurekaServiceRegistry        : Unregistering application DISCOVERY-SERVICES with eureka with status DOWN
2025-10-18T11:33:21.791+07:00  INFO 24188 --- [discovery-services] [SpringApplicationShutdownHook] o.s.b.w.e.tomcat.GracefulShutdown        : Commencing graceful shutdown. Waiting for active requests to complete
2025-10-18T11:33:22.051+07:00  INFO 24188 --- [discovery-services] [Eureka-EvictionTimer] c.n.e.registry.AbstractInstanceRegistry  : Running the evict task with compensationTime 129ms
2025-10-18T11:33:25.542+07:00  INFO 24188 --- [discovery-services] [tomcat-shutdown] o.s.b.w.e.tomcat.GracefulShutdown        : Graceful shutdown complete
2025-10-18T11:33:25.553+07:00  INFO 24188 --- [discovery-services] [SpringApplicationShutdownHook] o.s.c.n.e.server.EurekaServerBootstrap   : Shutting down Eureka Server..
2025-10-18T11:33:25.553+07:00  INFO 24188 --- [discovery-services] [SpringApplicationShutdownHook] c.n.eureka.DefaultEurekaServerContext    : Shutting down ...
2025-10-18T11:33:25.555+07:00 ERROR 24188 --- [discovery-services] [Eureka-Jersey3Client-Conn-Cleaner2] c.n.d.s.t.j.EurekaJersey3ClientImpl      : Cannot clean connections

java.lang.IllegalStateException: Client instance has been closed.
	at org.glassfish.jersey.internal.guava.Preconditions.checkState(Preconditions.java:169) ~[jersey-common-3.1.11.jar:na]
	at org.glassfish.jersey.client.JerseyClient.checkNotClosed(JerseyClient.java:248) ~[jersey-client-3.1.11.jar:na]
	at org.glassfish.jersey.client.JerseyClient.getConfiguration(JerseyClient.java:363) ~[jersey-client-3.1.11.jar:na]
	at org.glassfish.jersey.client.JerseyClient.getConfiguration(JerseyClient.java:54) ~[jersey-client-3.1.11.jar:na]
	at com.netflix.discovery.shared.transport.jersey3.EurekaJersey3ClientImpl$ConnectionCleanerTask.run(EurekaJersey3ClientImpl.java:338) ~[eureka-client-jersey3-2.0.4.jar:2.0.4]
	at java.base/java.util.concurrent.Executors$RunnableAdapter.call(Executors.java:539) ~[na:na]
	at java.base/java.util.concurrent.FutureTask.run(FutureTask.java:264) ~[na:na]
	at java.base/java.util.concurrent.ScheduledThreadPoolExecutor$ScheduledFutureTask.run(ScheduledThreadPoolExecutor.java:304) ~[na:na]
	at java.base/java.util.concurrent.ThreadPoolExecutor.runWorker(ThreadPoolExecutor.java:1136) ~[na:na]
	at java.base/java.util.concurrent.ThreadPoolExecutor$Worker.run(ThreadPoolExecutor.java:635) ~[na:na]
	at java.base/java.lang.Thread.run(Thread.java:840) ~[na:na]

2025-10-18T11:33:25.571+07:00  INFO 24188 --- [discovery-services] [SpringApplicationShutdownHook] c.n.eureka.DefaultEurekaServerContext    : Shut down
2025-10-18T11:33:25.572+07:00  INFO 24188 --- [discovery-services] [SpringApplicationShutdownHook] o.s.c.n.e.server.EurekaServerBootstrap   : Eureka Service is now shutdown...
2025-10-18T11:33:25.573+07:00  INFO 24188 --- [discovery-services] [SpringApplicationShutdownHook] c.n.eureka.DefaultEurekaServerContext    : Shutting down ...
2025-10-18T11:33:25.573+07:00  INFO 24188 --- [discovery-services] [SpringApplicationShutdownHook] c.n.eureka.DefaultEurekaServerContext    : Shut down
2025-10-18T11:33:25.587+07:00  INFO 24188 --- [discovery-services] [SpringApplicationShutdownHook] com.netflix.discovery.DiscoveryClient    : Shutting down DiscoveryClient ...
2025-10-18T11:33:25.588+07:00  INFO 24188 --- [discovery-services] [SpringApplicationShutdownHook] com.netflix.discovery.DiscoveryClient    : Completed shut down of DiscoveryClient
2025-10-18T11:34:45.129+07:00  INFO 23540 --- [discovery-services] [restartedMain] c.e.d.DiscoveryServicesApplication       : Starting DiscoveryServicesApplication using Java 17.0.16 with PID 23540 (D:\c1024l1_jv103_spring_cloud\discovery-services\build\classes\java\main started by Admin in D:\c1024l1_jv103_spring_cloud\discovery-services)
2025-10-18T11:34:45.137+07:00  INFO 23540 --- [discovery-services] [restartedMain] c.e.d.DiscoveryServicesApplication       : No active profile set, falling back to 1 default profile: "default"
2025-10-18T11:34:45.266+07:00  INFO 23540 --- [discovery-services] [restartedMain] o.s.c.c.c.ConfigServerConfigDataLoader   : Fetching config from server at : http://localhost:8888
2025-10-18T11:34:45.267+07:00  INFO 23540 --- [discovery-services] [restartedMain] o.s.c.c.c.ConfigServerConfigDataLoader   : Located environment: name=discovery-services, profiles=[default], label=null, version=null, state=null
2025-10-18T11:34:45.272+07:00  INFO 23540 --- [discovery-services] [restartedMain] .e.DevToolsPropertyDefaultsPostProcessor : Devtools property defaults active! Set 'spring.devtools.add-properties' to 'false' to disable
2025-10-18T11:34:45.273+07:00  INFO 23540 --- [discovery-services] [restartedMain] .e.DevToolsPropertyDefaultsPostProcessor : For additional web related logging consider setting the 'logging.level.web' property to 'DEBUG'
2025-10-18T11:34:47.703+07:00  INFO 23540 --- [discovery-services] [restartedMain] o.s.cloud.context.scope.GenericScope     : BeanFactory id=9fdc3a97-4dbe-3720-9c98-ebf6f02922c8
2025-10-18T11:34:49.148+07:00  INFO 23540 --- [discovery-services] [restartedMain] o.s.b.w.embedded.tomcat.TomcatWebServer  : Tomcat initialized with port 9999 (http)
2025-10-18T11:34:49.243+07:00  INFO 23540 --- [discovery-services] [restartedMain] o.apache.catalina.core.StandardService   : Starting service [Tomcat]
2025-10-18T11:34:49.245+07:00  INFO 23540 --- [discovery-services] [restartedMain] o.apache.catalina.core.StandardEngine    : Starting Servlet engine: [Apache Tomcat/10.1.46]
2025-10-18T11:34:49.452+07:00  INFO 23540 --- [discovery-services] [restartedMain] o.a.c.c.C.[Tomcat].[localhost].[/]       : Initializing Spring embedded WebApplicationContext
2025-10-18T11:34:49.452+07:00  INFO 23540 --- [discovery-services] [restartedMain] w.s.c.ServletWebServerApplicationContext : Root WebApplicationContext: initialization completed in 4178 ms
2025-10-18T11:34:53.095+07:00  INFO 23540 --- [discovery-services] [restartedMain] c.n.d.provider.DiscoveryJerseyProvider   : Using JSON encoding codec LegacyJacksonJson
2025-10-18T11:34:53.097+07:00  INFO 23540 --- [discovery-services] [restartedMain] c.n.d.provider.DiscoveryJerseyProvider   : Using JSON decoding codec LegacyJacksonJson
2025-10-18T11:34:53.525+07:00  INFO 23540 --- [discovery-services] [restartedMain] c.n.d.provider.DiscoveryJerseyProvider   : Using XML encoding codec XStreamXml
2025-10-18T11:34:53.525+07:00  INFO 23540 --- [discovery-services] [restartedMain] c.n.d.provider.DiscoveryJerseyProvider   : Using XML decoding codec XStreamXml
2025-10-18T11:34:54.035+07:00  INFO 23540 --- [discovery-services] [restartedMain] o.s.v.b.OptionalValidatorFactoryBean     : Failed to set up a Bean Validation provider: jakarta.validation.NoProviderFoundException: Unable to create a Configuration, because no Jakarta Bean Validation provider could be found. Add a provider like Hibernate Validator (RI) to your classpath.
2025-10-18T11:34:57.690+07:00  WARN 23540 --- [discovery-services] [restartedMain] o.s.b.d.a.OptionalLiveReloadServer       : Unable to start LiveReload server
2025-10-18T11:34:59.088+07:00  WARN 23540 --- [discovery-services] [restartedMain] iguration$LoadBalancerCaffeineWarnLogger : Spring Cloud LoadBalancer is currently working with the default cache. While this cache implementation is useful for development and tests, it's recommended to use Caffeine cache in production.You can switch to using Caffeine cache, by adding it and org.springframework.cache.caffeine.CaffeineCacheManager to the classpath.
2025-10-18T11:34:59.132+07:00  INFO 23540 --- [discovery-services] [restartedMain] o.s.c.n.eureka.InstanceInfoFactory       : Setting initial instance status as: STARTING
2025-10-18T11:34:59.186+07:00  INFO 23540 --- [discovery-services] [restartedMain] com.netflix.discovery.DiscoveryClient    : Initializing Eureka in region us-east-1
2025-10-18T11:34:59.187+07:00  INFO 23540 --- [discovery-services] [restartedMain] com.netflix.discovery.DiscoveryClient    : Client configured to neither register nor query for data.
2025-10-18T11:34:59.191+07:00  INFO 23540 --- [discovery-services] [restartedMain] com.netflix.discovery.DiscoveryClient    : Discovery Client initialized at timestamp 1760762099190 with initial instances count: 0
2025-10-18T11:34:59.314+07:00  INFO 23540 --- [discovery-services] [restartedMain] c.n.eureka.DefaultEurekaServerContext    : Initializing ...
2025-10-18T11:34:59.318+07:00  INFO 23540 --- [discovery-services] [restartedMain] c.n.eureka.cluster.PeerEurekaNodes       : Adding new peer nodes [http://localhost:9999/eureka/]
2025-10-18T11:34:59.704+07:00  INFO 23540 --- [discovery-services] [restartedMain] c.n.d.provider.DiscoveryJerseyProvider   : Using JSON encoding codec LegacyJacksonJson
2025-10-18T11:34:59.704+07:00  INFO 23540 --- [discovery-services] [restartedMain] c.n.d.provider.DiscoveryJerseyProvider   : Using JSON decoding codec LegacyJacksonJson
2025-10-18T11:34:59.704+07:00  INFO 23540 --- [discovery-services] [restartedMain] c.n.d.provider.DiscoveryJerseyProvider   : Using XML encoding codec XStreamXml
2025-10-18T11:34:59.705+07:00  INFO 23540 --- [discovery-services] [restartedMain] c.n.d.provider.DiscoveryJerseyProvider   : Using XML decoding codec XStreamXml
2025-10-18T11:34:59.905+07:00  INFO 23540 --- [discovery-services] [restartedMain] c.n.eureka.cluster.PeerEurekaNodes       : Replica node URL:  http://localhost:9999/eureka/
2025-10-18T11:34:59.934+07:00  INFO 23540 --- [discovery-services] [restartedMain] c.n.e.registry.AbstractInstanceRegistry  : Finished initializing remote region registries. All known remote regions: []
2025-10-18T11:34:59.935+07:00  INFO 23540 --- [discovery-services] [restartedMain] c.n.eureka.DefaultEurekaServerContext    : Initialized
2025-10-18T11:34:59.958+07:00  INFO 23540 --- [discovery-services] [restartedMain] o.s.b.a.e.web.EndpointLinksResolver      : Exposing 17 endpoints beneath base path '/actuator'
2025-10-18T11:35:01.064+07:00  INFO 23540 --- [discovery-services] [restartedMain] o.s.c.n.e.s.EurekaServiceRegistry        : Registering application DISCOVERY-SERVICES with eureka with status UP
2025-10-18T11:35:01.168+07:00  INFO 23540 --- [discovery-services] [Thread-13] o.s.c.n.e.server.EurekaServerBootstrap   : isAws returned false
2025-10-18T11:35:01.169+07:00  INFO 23540 --- [discovery-services] [Thread-13] o.s.c.n.e.server.EurekaServerBootstrap   : Initialized server context
2025-10-18T11:35:01.169+07:00  INFO 23540 --- [discovery-services] [Thread-13] c.n.e.r.PeerAwareInstanceRegistryImpl    : Got 1 instances from neighboring DS node
2025-10-18T11:35:01.170+07:00  INFO 23540 --- [discovery-services] [Thread-13] c.n.e.r.PeerAwareInstanceRegistryImpl    : Renew threshold is: 1
2025-10-18T11:35:01.170+07:00  INFO 23540 --- [discovery-services] [Thread-13] c.n.e.r.PeerAwareInstanceRegistryImpl    : Changing status to UP
2025-10-18T11:35:01.179+07:00  INFO 23540 --- [discovery-services] [Thread-13] e.s.EurekaServerInitializerConfiguration : Started Eureka Server
2025-10-18T11:35:01.716+07:00  INFO 23540 --- [discovery-services] [restartedMain] o.s.b.w.embedded.tomcat.TomcatWebServer  : Tomcat started on port 9999 (http) with context path '/'
2025-10-18T11:35:01.719+07:00  INFO 23540 --- [discovery-services] [restartedMain] .s.c.n.e.s.EurekaAutoServiceRegistration : Updating port to 9999
2025-10-18T11:35:02.480+07:00  INFO 23540 --- [discovery-services] [restartedMain] c.e.d.DiscoveryServicesApplication       : Started DiscoveryServicesApplication in 20.025 seconds (process running for 24.646)
2025-10-18T11:35:03.930+07:00  INFO 23540 --- [discovery-services] [RMI TCP Connection(2)-26.82.69.187] o.a.c.c.C.[Tomcat].[localhost].[/]       : Initializing Spring DispatcherServlet 'dispatcherServlet'
2025-10-18T11:35:03.931+07:00  INFO 23540 --- [discovery-services] [RMI TCP Connection(2)-26.82.69.187] o.s.web.servlet.DispatcherServlet        : Initializing Servlet 'dispatcherServlet'
2025-10-18T11:35:03.936+07:00  INFO 23540 --- [discovery-services] [RMI TCP Connection(2)-26.82.69.187] o.s.web.servlet.DispatcherServlet        : Completed initialization in 4 ms
2025-10-18T11:35:09.233+07:00  WARN 23540 --- [discovery-services] [http-nio-9999-exec-1] c.n.e.registry.AbstractInstanceRegistry  : DS: Registry: lease doesn't exist, registering resource: STATISTIC-SERVICES - Khanh:statistic-services:9085
2025-10-18T11:35:09.234+07:00  WARN 23540 --- [discovery-services] [http-nio-9999-exec-1] c.n.eureka.resources.InstanceResource    : Not Found (Renew): STATISTIC-SERVICES - Khanh:statistic-services:9085
2025-10-18T11:35:10.099+07:00  INFO 23540 --- [discovery-services] [http-nio-9999-exec-2] c.n.e.registry.AbstractInstanceRegistry  : Registered instance STATISTIC-SERVICES/Khanh:statistic-services:9085 with status UP (replication=false)
2025-10-18T11:35:11.304+07:00  INFO 23540 --- [discovery-services] [http-nio-9999-exec-3] c.n.e.registry.AbstractInstanceRegistry  : Registered instance STATISTIC-SERVICES/Khanh:statistic-services:9085 with status UP (replication=true)
2025-10-18T11:35:22.642+07:00  INFO 23540 --- [discovery-services] [http-nio-9999-exec-7] c.n.e.registry.AbstractInstanceRegistry  : Registered instance ACCOUNT-SERVICES/Khanh:account-services:9081 with status DOWN (replication=false)
2025-10-18T11:35:23.180+07:00  INFO 23540 --- [discovery-services] [http-nio-9999-exec-1] c.n.e.registry.AbstractInstanceRegistry  : Registered instance ACCOUNT-SERVICES/Khanh:account-services:9081 with status DOWN (replication=true)
2025-10-18T11:35:27.807+07:00  INFO 23540 --- [discovery-services] [http-nio-9999-exec-2] c.n.e.registry.AbstractInstanceRegistry  : Cancelled instance ACCOUNT-SERVICES/Khanh:account-services:9081 (replication=false)
2025-10-18T11:35:28.417+07:00  WARN 23540 --- [discovery-services] [http-nio-9999-exec-4] c.n.e.registry.AbstractInstanceRegistry  : DS: Registry: cancel failed because Lease is not registered for: ACCOUNT-SERVICES/Khanh:account-services:9081
2025-10-18T11:35:28.418+07:00  INFO 23540 --- [discovery-services] [http-nio-9999-exec-4] c.n.eureka.resources.InstanceResource    : Not Found (Cancel): ACCOUNT-SERVICES - Khanh:account-services:9081
2025-10-18T11:35:28.422+07:00  WARN 23540 --- [discovery-services] [TaskBatchingWorker-target_localhost-14] c.n.eureka.cluster.ReplicationTask       : The replication of task ACCOUNT-SERVICES/Khanh:account-services:9081:Cancel@localhost failed with response code 404
2025-10-18T11:35:28.422+07:00  WARN 23540 --- [discovery-services] [TaskBatchingWorker-target_localhost-14] c.netflix.eureka.cluster.PeerEurekaNode  : ACCOUNT-SERVICES/Khanh:account-services:9081:Cancel@localhost: missing entry.
2025-10-18T11:35:35.980+07:00  INFO 23540 --- [discovery-services] [http-nio-9999-exec-10] c.n.e.registry.AbstractInstanceRegistry  : Registered instance STATISTIC-SERVICES/Khanh:statistic-services:9085 with status DOWN (replication=false)
2025-10-18T11:35:36.596+07:00  INFO 23540 --- [discovery-services] [http-nio-9999-exec-6] c.n.e.registry.AbstractInstanceRegistry  : Registered instance STATISTIC-SERVICES/Khanh:statistic-services:9085 with status DOWN (replication=true)
2025-10-18T11:35:41.889+07:00  INFO 23540 --- [discovery-services] [http-nio-9999-exec-7] c.n.e.registry.AbstractInstanceRegistry  : Cancelled instance STATISTIC-SERVICES/Khanh:statistic-services:9085 (replication=false)
2025-10-18T11:35:42.558+07:00  INFO 23540 --- [discovery-services] [SpringApplicationShutdownHook] o.s.c.n.e.s.EurekaServiceRegistry        : Unregistering application DISCOVERY-SERVICES with eureka with status DOWN
2025-10-18T11:35:42.564+07:00  INFO 23540 --- [discovery-services] [SpringApplicationShutdownHook] o.s.b.w.e.tomcat.GracefulShutdown        : Commencing graceful shutdown. Waiting for active requests to complete
2025-10-18T11:35:42.602+07:00 ERROR 23540 --- [discovery-services] [TaskBatchingWorker-target_localhost-1] c.n.e.cluster.ReplicationTaskProcessor   : It seems to be a socket read timeout exception, it will retry later. if it continues to happen and some eureka node occupied all the cpu time, you should set property 'eureka.server.peer-node-read-timeout-ms' to a bigger value

jakarta.ws.rs.ProcessingException: java.net.SocketTimeoutException: Read timed out
	at org.glassfish.jersey.apache.connector.ApacheConnector.apply(ApacheConnector.java:534) ~[jersey-apache-connector-3.1.11.jar:na]
	at org.glassfish.jersey.client.ClientRuntime.invoke(ClientRuntime.java:300) ~[jersey-client-3.1.11.jar:na]
	at org.glassfish.jersey.client.JerseyInvocation.lambda$invoke$0(JerseyInvocation.java:674) ~[jersey-client-3.1.11.jar:na]
	at org.glassfish.jersey.client.JerseyInvocation.call(JerseyInvocation.java:709) ~[jersey-client-3.1.11.jar:na]
	at org.glassfish.jersey.client.JerseyInvocation.lambda$runInScope$3(JerseyInvocation.java:703) ~[jersey-client-3.1.11.jar:na]
	at org.glassfish.jersey.internal.Errors.process(Errors.java:292) ~[jersey-common-3.1.11.jar:na]
	at org.glassfish.jersey.internal.Errors.process(Errors.java:274) ~[jersey-common-3.1.11.jar:na]
	at org.glassfish.jersey.internal.Errors.process(Errors.java:205) ~[jersey-common-3.1.11.jar:na]
	at org.glassfish.jersey.process.internal.RequestScope.runInScope(RequestScope.java:391) ~[jersey-common-3.1.11.jar:na]
	at org.glassfish.jersey.client.JerseyInvocation.runInScope(JerseyInvocation.java:703) ~[jersey-client-3.1.11.jar:na]
	at org.glassfish.jersey.client.JerseyInvocation.invoke(JerseyInvocation.java:673) ~[jersey-client-3.1.11.jar:na]
	at org.glassfish.jersey.client.JerseyInvocation$Builder.method(JerseyInvocation.java:439) ~[jersey-client-3.1.11.jar:na]
	at org.glassfish.jersey.client.JerseyInvocation$Builder.post(JerseyInvocation.java:345) ~[jersey-client-3.1.11.jar:na]
	at com.netflix.eureka.transport.Jersey3ReplicationClient.submitBatchUpdates(Jersey3ReplicationClient.java:116) ~[eureka-core-jersey3-2.0.4.jar:2.0.4]
	at com.netflix.eureka.cluster.ReplicationTaskProcessor.process(ReplicationTaskProcessor.java:80) ~[eureka-core-2.0.4.jar:2.0.4]
	at com.netflix.eureka.util.batcher.TaskExecutors$BatchWorkerRunnable.run(TaskExecutors.java:178) ~[eureka-core-2.0.4.jar:2.0.4]
	at java.base/java.lang.Thread.run(Thread.java:840) ~[na:na]
Caused by: java.net.SocketTimeoutException: Read timed out
	at java.base/sun.nio.ch.NioSocketImpl.timedRead(NioSocketImpl.java:288) ~[na:na]
	at java.base/sun.nio.ch.NioSocketImpl.implRead(NioSocketImpl.java:314) ~[na:na]
	at java.base/sun.nio.ch.NioSocketImpl.read(NioSocketImpl.java:355) ~[na:na]
	at java.base/sun.nio.ch.NioSocketImpl$1.read(NioSocketImpl.java:808) ~[na:na]
	at java.base/java.net.Socket$SocketInputStream.read(Socket.java:966) ~[na:na]
	at org.apache.http.impl.io.SessionInputBufferImpl.streamRead(SessionInputBufferImpl.java:137) ~[httpcore-4.4.16.jar:4.4.16]
	at org.apache.http.impl.io.SessionInputBufferImpl.fillBuffer(SessionInputBufferImpl.java:153) ~[httpcore-4.4.16.jar:4.4.16]
	at org.apache.http.impl.io.SessionInputBufferImpl.readLine(SessionInputBufferImpl.java:280) ~[httpcore-4.4.16.jar:4.4.16]
	at org.apache.http.impl.conn.DefaultHttpResponseParser.parseHead(DefaultHttpResponseParser.java:138) ~[httpclient-4.5.14.jar:4.5.14]
	at org.apache.http.impl.conn.DefaultHttpResponseParser.parseHead(DefaultHttpResponseParser.java:56) ~[httpclient-4.5.14.jar:4.5.14]
	at org.apache.http.impl.io.AbstractMessageParser.parse(AbstractMessageParser.java:259) ~[httpcore-4.4.16.jar:4.4.16]
	at org.apache.http.impl.DefaultBHttpClientConnection.receiveResponseHeader(DefaultBHttpClientConnection.java:163) ~[httpcore-4.4.16.jar:4.4.16]
	at org.apache.http.impl.conn.CPoolProxy.receiveResponseHeader(CPoolProxy.java:157) ~[httpclient-4.5.14.jar:4.5.14]
	at org.apache.http.protocol.HttpRequestExecutor.doReceiveResponse(HttpRequestExecutor.java:273) ~[httpcore-4.4.16.jar:4.4.16]
	at org.apache.http.protocol.HttpRequestExecutor.execute(HttpRequestExecutor.java:125) ~[httpcore-4.4.16.jar:4.4.16]
	at org.apache.http.impl.execchain.MainClientExec.execute(MainClientExec.java:272) ~[httpclient-4.5.14.jar:4.5.14]
	at org.apache.http.impl.execchain.ProtocolExec.execute(ProtocolExec.java:186) ~[httpclient-4.5.14.jar:4.5.14]
	at org.apache.http.impl.execchain.RetryExec.execute(RetryExec.java:89) ~[httpclient-4.5.14.jar:4.5.14]
	at org.apache.http.impl.execchain.RedirectExec.execute(RedirectExec.java:110) ~[httpclient-4.5.14.jar:4.5.14]
	at org.apache.http.impl.client.InternalHttpClient.doExecute(InternalHttpClient.java:185) ~[httpclient-4.5.14.jar:4.5.14]
	at org.apache.http.impl.client.CloseableHttpClient.execute(CloseableHttpClient.java:72) ~[httpclient-4.5.14.jar:4.5.14]
	at org.glassfish.jersey.apache.connector.ApacheConnector.apply(ApacheConnector.java:486) ~[jersey-apache-connector-3.1.11.jar:na]
	... 16 common frames omitted

2025-10-18T11:35:42.616+07:00  WARN 23540 --- [discovery-services] [http-nio-9999-exec-1] c.n.e.registry.AbstractInstanceRegistry  : DS: Registry: cancel failed because Lease is not registered for: STATISTIC-SERVICES/Khanh:statistic-services:9085
2025-10-18T11:35:42.616+07:00  INFO 23540 --- [discovery-services] [http-nio-9999-exec-1] c.n.eureka.resources.InstanceResource    : Not Found (Cancel): STATISTIC-SERVICES - Khanh:statistic-services:9085
2025-10-18T11:35:43.632+07:00 ERROR 23540 --- [discovery-services] [TaskBatchingWorker-target_localhost-3] c.n.e.cluster.ReplicationTaskProcessor   : Network level connection to peer localhost; retrying after delay

jakarta.ws.rs.ProcessingException: java.net.SocketException: An established connection was aborted by the software in your host machine
	at org.glassfish.jersey.apache.connector.ApacheConnector.apply(ApacheConnector.java:534) ~[jersey-apache-connector-3.1.11.jar:na]
	at org.glassfish.jersey.client.ClientRuntime.invoke(ClientRuntime.java:300) ~[jersey-client-3.1.11.jar:na]
	at org.glassfish.jersey.client.JerseyInvocation.lambda$invoke$0(JerseyInvocation.java:674) ~[jersey-client-3.1.11.jar:na]
	at org.glassfish.jersey.client.JerseyInvocation.call(JerseyInvocation.java:709) ~[jersey-client-3.1.11.jar:na]
	at org.glassfish.jersey.client.JerseyInvocation.lambda$runInScope$3(JerseyInvocation.java:703) ~[jersey-client-3.1.11.jar:na]
	at org.glassfish.jersey.internal.Errors.process(Errors.java:292) ~[jersey-common-3.1.11.jar:na]
	at org.glassfish.jersey.internal.Errors.process(Errors.java:274) ~[jersey-common-3.1.11.jar:na]
	at org.glassfish.jersey.internal.Errors.process(Errors.java:205) ~[jersey-common-3.1.11.jar:na]
	at org.glassfish.jersey.process.internal.RequestScope.runInScope(RequestScope.java:391) ~[jersey-common-3.1.11.jar:na]
	at org.glassfish.jersey.client.JerseyInvocation.runInScope(JerseyInvocation.java:703) ~[jersey-client-3.1.11.jar:na]
	at org.glassfish.jersey.client.JerseyInvocation.invoke(JerseyInvocation.java:673) ~[jersey-client-3.1.11.jar:na]
	at org.glassfish.jersey.client.JerseyInvocation$Builder.method(JerseyInvocation.java:439) ~[jersey-client-3.1.11.jar:na]
	at org.glassfish.jersey.client.JerseyInvocation$Builder.post(JerseyInvocation.java:345) ~[jersey-client-3.1.11.jar:na]
	at com.netflix.eureka.transport.Jersey3ReplicationClient.submitBatchUpdates(Jersey3ReplicationClient.java:116) ~[eureka-core-jersey3-2.0.4.jar:2.0.4]
	at com.netflix.eureka.cluster.ReplicationTaskProcessor.process(ReplicationTaskProcessor.java:80) ~[eureka-core-2.0.4.jar:2.0.4]
	at com.netflix.eureka.util.batcher.TaskExecutors$BatchWorkerRunnable.run(TaskExecutors.java:178) ~[eureka-core-2.0.4.jar:2.0.4]
	at java.base/java.lang.Thread.run(Thread.java:840) ~[na:na]
Caused by: java.net.SocketException: An established connection was aborted by the software in your host machine
	at java.base/sun.nio.ch.NioSocketImpl.implRead(NioSocketImpl.java:330) ~[na:na]
	at java.base/sun.nio.ch.NioSocketImpl.read(NioSocketImpl.java:355) ~[na:na]
	at java.base/sun.nio.ch.NioSocketImpl$1.read(NioSocketImpl.java:808) ~[na:na]
	at java.base/java.net.Socket$SocketInputStream.read(Socket.java:966) ~[na:na]
	at org.apache.http.impl.io.SessionInputBufferImpl.streamRead(SessionInputBufferImpl.java:137) ~[httpcore-4.4.16.jar:4.4.16]
	at org.apache.http.impl.io.SessionInputBufferImpl.fillBuffer(SessionInputBufferImpl.java:153) ~[httpcore-4.4.16.jar:4.4.16]
	at org.apache.http.impl.io.SessionInputBufferImpl.readLine(SessionInputBufferImpl.java:280) ~[httpcore-4.4.16.jar:4.4.16]
	at org.apache.http.impl.conn.DefaultHttpResponseParser.parseHead(DefaultHttpResponseParser.java:138) ~[httpclient-4.5.14.jar:4.5.14]
	at org.apache.http.impl.conn.DefaultHttpResponseParser.parseHead(DefaultHttpResponseParser.java:56) ~[httpclient-4.5.14.jar:4.5.14]
	at org.apache.http.impl.io.AbstractMessageParser.parse(AbstractMessageParser.java:259) ~[httpcore-4.4.16.jar:4.4.16]
	at org.apache.http.impl.DefaultBHttpClientConnection.receiveResponseHeader(DefaultBHttpClientConnection.java:163) ~[httpcore-4.4.16.jar:4.4.16]
	at org.apache.http.impl.conn.CPoolProxy.receiveResponseHeader(CPoolProxy.java:157) ~[httpclient-4.5.14.jar:4.5.14]
	at org.apache.http.protocol.HttpRequestExecutor.doReceiveResponse(HttpRequestExecutor.java:273) ~[httpcore-4.4.16.jar:4.4.16]
	at org.apache.http.protocol.HttpRequestExecutor.execute(HttpRequestExecutor.java:125) ~[httpcore-4.4.16.jar:4.4.16]
	at org.apache.http.impl.execchain.MainClientExec.execute(MainClientExec.java:272) ~[httpclient-4.5.14.jar:4.5.14]
	at org.apache.http.impl.execchain.ProtocolExec.execute(ProtocolExec.java:186) ~[httpclient-4.5.14.jar:4.5.14]
	at org.apache.http.impl.execchain.RetryExec.execute(RetryExec.java:89) ~[httpclient-4.5.14.jar:4.5.14]
	at org.apache.http.impl.execchain.RedirectExec.execute(RedirectExec.java:110) ~[httpclient-4.5.14.jar:4.5.14]
	at org.apache.http.impl.client.InternalHttpClient.doExecute(InternalHttpClient.java:185) ~[httpclient-4.5.14.jar:4.5.14]
	at org.apache.http.impl.client.CloseableHttpClient.execute(CloseableHttpClient.java:72) ~[httpclient-4.5.14.jar:4.5.14]
	at org.glassfish.jersey.apache.connector.ApacheConnector.apply(ApacheConnector.java:486) ~[jersey-apache-connector-3.1.11.jar:na]
	... 16 common frames omitted

2025-10-18T11:35:43.952+07:00 ERROR 23540 --- [discovery-services] [TaskBatchingWorker-target_localhost-14] c.n.e.cluster.ReplicationTaskProcessor   : It seems to be a socket read timeout exception, it will retry later. if it continues to happen and some eureka node occupied all the cpu time, you should set property 'eureka.server.peer-node-read-timeout-ms' to a bigger value

jakarta.ws.rs.ProcessingException: java.net.SocketTimeoutException: Read timed out
	at org.glassfish.jersey.apache.connector.ApacheConnector.apply(ApacheConnector.java:534) ~[jersey-apache-connector-3.1.11.jar:na]
	at org.glassfish.jersey.client.ClientRuntime.invoke(ClientRuntime.java:300) ~[jersey-client-3.1.11.jar:na]
	at org.glassfish.jersey.client.JerseyInvocation.lambda$invoke$0(JerseyInvocation.java:674) ~[jersey-client-3.1.11.jar:na]
	at org.glassfish.jersey.client.JerseyInvocation.call(JerseyInvocation.java:709) ~[jersey-client-3.1.11.jar:na]
	at org.glassfish.jersey.client.JerseyInvocation.lambda$runInScope$3(JerseyInvocation.java:703) ~[jersey-client-3.1.11.jar:na]
	at org.glassfish.jersey.internal.Errors.process(Errors.java:292) ~[jersey-common-3.1.11.jar:na]
	at org.glassfish.jersey.internal.Errors.process(Errors.java:274) ~[jersey-common-3.1.11.jar:na]
	at org.glassfish.jersey.internal.Errors.process(Errors.java:205) ~[jersey-common-3.1.11.jar:na]
	at org.glassfish.jersey.process.internal.RequestScope.runInScope(RequestScope.java:391) ~[jersey-common-3.1.11.jar:na]
	at org.glassfish.jersey.client.JerseyInvocation.runInScope(JerseyInvocation.java:703) ~[jersey-client-3.1.11.jar:na]
	at org.glassfish.jersey.client.JerseyInvocation.invoke(JerseyInvocation.java:673) ~[jersey-client-3.1.11.jar:na]
	at org.glassfish.jersey.client.JerseyInvocation$Builder.method(JerseyInvocation.java:439) ~[jersey-client-3.1.11.jar:na]
	at org.glassfish.jersey.client.JerseyInvocation$Builder.post(JerseyInvocation.java:345) ~[jersey-client-3.1.11.jar:na]
	at com.netflix.eureka.transport.Jersey3ReplicationClient.submitBatchUpdates(Jersey3ReplicationClient.java:116) ~[eureka-core-jersey3-2.0.4.jar:2.0.4]
	at com.netflix.eureka.cluster.ReplicationTaskProcessor.process(ReplicationTaskProcessor.java:80) ~[eureka-core-2.0.4.jar:2.0.4]
	at com.netflix.eureka.util.batcher.TaskExecutors$BatchWorkerRunnable.run(TaskExecutors.java:178) ~[eureka-core-2.0.4.jar:2.0.4]
	at java.base/java.lang.Thread.run(Thread.java:840) ~[na:na]
Caused by: java.net.SocketTimeoutException: Read timed out
	at java.base/sun.nio.ch.NioSocketImpl.timedRead(NioSocketImpl.java:288) ~[na:na]
	at java.base/sun.nio.ch.NioSocketImpl.implRead(NioSocketImpl.java:314) ~[na:na]
	at java.base/sun.nio.ch.NioSocketImpl.read(NioSocketImpl.java:355) ~[na:na]
	at java.base/sun.nio.ch.NioSocketImpl$1.read(NioSocketImpl.java:808) ~[na:na]
	at java.base/java.net.Socket$SocketInputStream.read(Socket.java:966) ~[na:na]
	at org.apache.http.impl.io.SessionInputBufferImpl.streamRead(SessionInputBufferImpl.java:137) ~[httpcore-4.4.16.jar:4.4.16]
	at org.apache.http.impl.io.SessionInputBufferImpl.fillBuffer(SessionInputBufferImpl.java:153) ~[httpcore-4.4.16.jar:4.4.16]
	at org.apache.http.impl.io.SessionInputBufferImpl.readLine(SessionInputBufferImpl.java:280) ~[httpcore-4.4.16.jar:4.4.16]
	at org.apache.http.impl.conn.DefaultHttpResponseParser.parseHead(DefaultHttpResponseParser.java:138) ~[httpclient-4.5.14.jar:4.5.14]
	at org.apache.http.impl.conn.DefaultHttpResponseParser.parseHead(DefaultHttpResponseParser.java:56) ~[httpclient-4.5.14.jar:4.5.14]
	at org.apache.http.impl.io.AbstractMessageParser.parse(AbstractMessageParser.java:259) ~[httpcore-4.4.16.jar:4.4.16]
	at org.apache.http.impl.DefaultBHttpClientConnection.receiveResponseHeader(DefaultBHttpClientConnection.java:163) ~[httpcore-4.4.16.jar:4.4.16]
	at org.apache.http.impl.conn.CPoolProxy.receiveResponseHeader(CPoolProxy.java:157) ~[httpclient-4.5.14.jar:4.5.14]
	at org.apache.http.protocol.HttpRequestExecutor.doReceiveResponse(HttpRequestExecutor.java:273) ~[httpcore-4.4.16.jar:4.4.16]
	at org.apache.http.protocol.HttpRequestExecutor.execute(HttpRequestExecutor.java:125) ~[httpcore-4.4.16.jar:4.4.16]
	at org.apache.http.impl.execchain.MainClientExec.execute(MainClientExec.java:272) ~[httpclient-4.5.14.jar:4.5.14]
	at org.apache.http.impl.execchain.ProtocolExec.execute(ProtocolExec.java:186) ~[httpclient-4.5.14.jar:4.5.14]
	at org.apache.http.impl.execchain.RetryExec.execute(RetryExec.java:89) ~[httpclient-4.5.14.jar:4.5.14]
	at org.apache.http.impl.execchain.RedirectExec.execute(RedirectExec.java:110) ~[httpclient-4.5.14.jar:4.5.14]
	at org.apache.http.impl.client.InternalHttpClient.doExecute(InternalHttpClient.java:185) ~[httpclient-4.5.14.jar:4.5.14]
	at org.apache.http.impl.client.CloseableHttpClient.execute(CloseableHttpClient.java:72) ~[httpclient-4.5.14.jar:4.5.14]
	at org.glassfish.jersey.apache.connector.ApacheConnector.apply(ApacheConnector.java:486) ~[jersey-apache-connector-3.1.11.jar:na]
	... 16 common frames omitted

2025-10-18T11:35:45.124+07:00  INFO 23540 --- [discovery-services] [tomcat-shutdown] o.s.b.w.e.tomcat.GracefulShutdown        : Graceful shutdown complete
2025-10-18T11:35:45.132+07:00  INFO 23540 --- [discovery-services] [SpringApplicationShutdownHook] o.s.c.n.e.server.EurekaServerBootstrap   : Shutting down Eureka Server..
2025-10-18T11:35:45.132+07:00  INFO 23540 --- [discovery-services] [SpringApplicationShutdownHook] c.n.eureka.DefaultEurekaServerContext    : Shutting down ...
2025-10-18T11:35:45.133+07:00 ERROR 23540 --- [discovery-services] [Eureka-Jersey3Client-Conn-Cleaner2] c.n.d.s.t.j.EurekaJersey3ClientImpl      : Cannot clean connections

java.lang.IllegalStateException: Client instance has been closed.
	at org.glassfish.jersey.internal.guava.Preconditions.checkState(Preconditions.java:169) ~[jersey-common-3.1.11.jar:na]
	at org.glassfish.jersey.client.JerseyClient.checkNotClosed(JerseyClient.java:248) ~[jersey-client-3.1.11.jar:na]
	at org.glassfish.jersey.client.JerseyClient.getConfiguration(JerseyClient.java:363) ~[jersey-client-3.1.11.jar:na]
	at org.glassfish.jersey.client.JerseyClient.getConfiguration(JerseyClient.java:54) ~[jersey-client-3.1.11.jar:na]
	at com.netflix.discovery.shared.transport.jersey3.EurekaJersey3ClientImpl$ConnectionCleanerTask.run(EurekaJersey3ClientImpl.java:338) ~[eureka-client-jersey3-2.0.4.jar:2.0.4]
	at java.base/java.util.concurrent.Executors$RunnableAdapter.call(Executors.java:539) ~[na:na]
	at java.base/java.util.concurrent.FutureTask.run(FutureTask.java:264) ~[na:na]
	at java.base/java.util.concurrent.ScheduledThreadPoolExecutor$ScheduledFutureTask.run(ScheduledThreadPoolExecutor.java:304) ~[na:na]
	at java.base/java.util.concurrent.ThreadPoolExecutor.runWorker(ThreadPoolExecutor.java:1136) ~[na:na]
	at java.base/java.util.concurrent.ThreadPoolExecutor$Worker.run(ThreadPoolExecutor.java:635) ~[na:na]
	at java.base/java.lang.Thread.run(Thread.java:840) ~[na:na]

2025-10-18T11:35:45.138+07:00  INFO 23540 --- [discovery-services] [SpringApplicationShutdownHook] c.n.eureka.DefaultEurekaServerContext    : Shut down
2025-10-18T11:35:45.138+07:00  INFO 23540 --- [discovery-services] [SpringApplicationShutdownHook] o.s.c.n.e.server.EurekaServerBootstrap   : Eureka Service is now shutdown...
2025-10-18T11:35:45.139+07:00  INFO 23540 --- [discovery-services] [SpringApplicationShutdownHook] c.n.eureka.DefaultEurekaServerContext    : Shutting down ...
2025-10-18T11:35:45.139+07:00  INFO 23540 --- [discovery-services] [SpringApplicationShutdownHook] c.n.eureka.DefaultEurekaServerContext    : Shut down
2025-10-18T11:35:45.152+07:00  INFO 23540 --- [discovery-services] [SpringApplicationShutdownHook] com.netflix.discovery.DiscoveryClient    : Shutting down DiscoveryClient ...
2025-10-18T11:35:45.153+07:00  INFO 23540 --- [discovery-services] [SpringApplicationShutdownHook] com.netflix.discovery.DiscoveryClient    : Completed shut down of DiscoveryClient
